[debug] [2021-06-03T10:40:18.154Z] ----------------------------------------------------------------------
[debug] [2021-06-03T10:40:18.156Z] Command:       C:\Program Files\nodejs\node.exe C:\Users\Siddharth.S.Chandran\AppData\Roaming\npm\node_modules\firebase-tools\lib\bin\firebase.js deploy
[debug] [2021-06-03T10:40:18.156Z] CLI Version:   9.12.1
[debug] [2021-06-03T10:40:18.156Z] Platform:      win32
[debug] [2021-06-03T10:40:18.156Z] Node Version:  v14.16.0
[debug] [2021-06-03T10:40:18.157Z] Time:          Thu Jun 03 2021 16:10:18 GMT+0530 (India Standard Time)
[debug] [2021-06-03T10:40:18.157Z] ----------------------------------------------------------------------
[debug] 
[debug] [2021-06-03T10:40:18.164Z] > command requires scopes: ["email","openid","https://www.googleapis.com/auth/cloudplatformprojects.readonly","https://www.googleapis.com/auth/firebase","https://www.googleapis.com/auth/cloud-platform"]
[debug] [2021-06-03T10:40:18.164Z] > authorizing via signed-in user (siddharthschandran44@gmail.com)
[debug] [2021-06-03T10:40:18.164Z] [iam] checking project covid-19-cases-vaccine-tracker for permissions ["firebase.projects.get","firebasehosting.sites.update"]
[debug] [2021-06-03T10:40:18.166Z] > refreshing access token with scopes: ["email","https://www.googleapis.com/auth/cloud-platform","https://www.googleapis.com/auth/cloudplatformprojects.readonly","https://www.googleapis.com/auth/firebase","openid"]
[debug] [2021-06-03T10:40:18.166Z] >>> HTTP REQUEST POST https://www.googleapis.com/oauth2/v3/token  
 <request body omitted>
[debug] [2021-06-03T10:40:18.362Z] <<< HTTP RESPONSE 200 {"pragma":"no-cache","expires":"Mon, 01 Jan 1990 00:00:00 GMT","cache-control":"no-cache, no-store, max-age=0, must-revalidate","date":"Thu, 03 Jun 2021 10:40:20 GMT","content-type":"application/json; charset=utf-8","vary":"X-Origin, Referer, Origin,Accept-Encoding","server":"scaffolding on HTTPServer2","x-xss-protection":"0","x-frame-options":"SAMEORIGIN","x-content-type-options":"nosniff","alt-svc":"h3-29=\":443\"; ma=2592000,h3-T051=\":443\"; ma=2592000,h3-Q050=\":443\"; ma=2592000,h3-Q046=\":443\"; ma=2592000,h3-Q043=\":443\"; ma=2592000,quic=\":443\"; ma=2592000; v=\"46,43\"","accept-ranges":"none","transfer-encoding":"chunked"}
[debug] [2021-06-03T10:40:18.380Z] >>> HTTP REQUEST POST https://cloudresourcemanager.googleapis.com/v1/projects/covid-19-cases-vaccine-tracker:testIamPermissions  
 {"permissions":["firebase.projects.get","firebasehosting.sites.update"]}
[debug] [2021-06-03T10:40:19.677Z] <<< HTTP RESPONSE 200 {"content-type":"application/json; charset=UTF-8","vary":"X-Origin, Referer, Origin,Accept-Encoding","date":"Thu, 03 Jun 2021 10:40:21 GMT","server":"ESF","cache-control":"private","x-xss-protection":"0","x-frame-options":"SAMEORIGIN","x-content-type-options":"nosniff","server-timing":"gfet4t7; dur=1156","alt-svc":"h3-29=\":443\"; ma=2592000,h3-T051=\":443\"; ma=2592000,h3-Q050=\":443\"; ma=2592000,h3-Q046=\":443\"; ma=2592000,h3-Q043=\":443\"; ma=2592000,quic=\":443\"; ma=2592000; v=\"46,43\"","accept-ranges":"none","transfer-encoding":"chunked"}
[debug] [2021-06-03T10:40:19.679Z] > refreshing access token with scopes: []
[debug] [2021-06-03T10:40:19.679Z] >>> HTTP REQUEST POST https://www.googleapis.com/oauth2/v3/token  
 <request body omitted>
[debug] [2021-06-03T10:40:19.829Z] <<< HTTP RESPONSE 200 {"expires":"Mon, 01 Jan 1990 00:00:00 GMT","cache-control":"no-cache, no-store, max-age=0, must-revalidate","date":"Thu, 03 Jun 2021 10:40:21 GMT","pragma":"no-cache","content-type":"application/json; charset=utf-8","vary":"X-Origin, Referer, Origin,Accept-Encoding","server":"scaffolding on HTTPServer2","x-xss-protection":"0","x-frame-options":"SAMEORIGIN","x-content-type-options":"nosniff","alt-svc":"h3-29=\":443\"; ma=2592000,h3-T051=\":443\"; ma=2592000,h3-Q050=\":443\"; ma=2592000,h3-Q046=\":443\"; ma=2592000,h3-Q043=\":443\"; ma=2592000,quic=\":443\"; ma=2592000; v=\"46,43\"","accept-ranges":"none","transfer-encoding":"chunked"}
[debug] [2021-06-03T10:40:19.843Z] >>> [apiv2][query] GET https://firebase.googleapis.com/v1beta1/projects/covid-19-cases-vaccine-tracker [none]
[debug] [2021-06-03T10:40:20.349Z] <<< [apiv2][status] GET https://firebase.googleapis.com/v1beta1/projects/covid-19-cases-vaccine-tracker 200
[debug] [2021-06-03T10:40:20.349Z] <<< [apiv2][body] GET https://firebase.googleapis.com/v1beta1/projects/covid-19-cases-vaccine-tracker {"projectId":"covid-19-cases-vaccine-tracker","projectNumber":"654270362679","displayName":"covid-19-cases-vaccine-tracker","name":"projects/covid-19-cases-vaccine-tracker","resources":{"hostingSite":"covid-19-cases-vaccine-tracker"},"state":"ACTIVE"}
[info] 
[info] === Deploying to 'covid-19-cases-vaccine-tracker'...
[info] 
[info] i  deploying hosting 
[debug] [2021-06-03T10:40:20.358Z] > refreshing access token with scopes: ["email","https://www.googleapis.com/auth/cloud-platform","https://www.googleapis.com/auth/cloudplatformprojects.readonly","https://www.googleapis.com/auth/firebase","openid"]
[debug] [2021-06-03T10:40:20.358Z] >>> HTTP REQUEST POST https://www.googleapis.com/oauth2/v3/token  
 <request body omitted>
[debug] [2021-06-03T10:40:20.528Z] <<< HTTP RESPONSE 200 {"pragma":"no-cache","date":"Thu, 03 Jun 2021 10:40:22 GMT","cache-control":"no-cache, no-store, max-age=0, must-revalidate","expires":"Mon, 01 Jan 1990 00:00:00 GMT","content-type":"application/json; charset=utf-8","vary":"X-Origin, Referer, Origin,Accept-Encoding","server":"scaffolding on HTTPServer2","x-xss-protection":"0","x-frame-options":"SAMEORIGIN","x-content-type-options":"nosniff","alt-svc":"h3-29=\":443\"; ma=2592000,h3-T051=\":443\"; ma=2592000,h3-Q050=\":443\"; ma=2592000,h3-Q046=\":443\"; ma=2592000,h3-Q043=\":443\"; ma=2592000,quic=\":443\"; ma=2592000; v=\"46,43\"","accept-ranges":"none","transfer-encoding":"chunked"}
[debug] [2021-06-03T10:40:20.544Z] >>> HTTP REQUEST POST https://firebasehosting.googleapis.com/v1beta1/sites/covid-19-cases-vaccine-tracker/versions  
 {"config":{"rewrites":[{"glob":"**","path":"/index.html"}]},"labels":{"deployment-tool":"cli-firebase"}}
[debug] [2021-06-03T10:40:22.651Z] <<< HTTP RESPONSE 200 {"content-type":"application/json; charset=UTF-8","vary":"X-Origin, Referer, Origin,Accept-Encoding","date":"Thu, 03 Jun 2021 10:40:24 GMT","server":"ESF","cache-control":"private","x-xss-protection":"0","x-frame-options":"SAMEORIGIN","x-content-type-options":"nosniff","alt-svc":"h3-29=\":443\"; ma=2592000,h3-T051=\":443\"; ma=2592000,h3-Q050=\":443\"; ma=2592000,h3-Q046=\":443\"; ma=2592000,h3-Q043=\":443\"; ma=2592000,quic=\":443\"; ma=2592000; v=\"46,43\"","accept-ranges":"none","transfer-encoding":"chunked"}
[info] i  hosting[covid-19-cases-vaccine-tracker]: beginning deploy... 
[info] i  hosting[covid-19-cases-vaccine-tracker]: found 21 files in build 
[debug] [2021-06-03T10:40:22.674Z] [hosting] hash cache [YnVpbGQ] not populated
[debug] [2021-06-03T10:40:22.959Z] > refreshing access token with scopes: []
[debug] [2021-06-03T10:40:22.960Z] >>> HTTP REQUEST POST https://www.googleapis.com/oauth2/v3/token  
 <request body omitted>
[debug] [2021-06-03T10:40:22.962Z] [hosting] hash cache [YnVpbGQ] stored for 21 files
[debug] [2021-06-03T10:40:22.962Z] [hosting][hash queue][FINAL] {"max":279,"min":10,"avg":25.571428571428573,"active":0,"complete":21,"success":21,"errored":0,"retried":0,"total":21,"elapsed":288}
[debug] [2021-06-03T10:40:23.114Z] <<< HTTP RESPONSE 200 {"date":"Thu, 03 Jun 2021 10:40:24 GMT","pragma":"no-cache","expires":"Mon, 01 Jan 1990 00:00:00 GMT","cache-control":"no-cache, no-store, max-age=0, must-revalidate","content-type":"application/json; charset=utf-8","vary":"X-Origin, Referer, Origin,Accept-Encoding","server":"scaffolding on HTTPServer2","x-xss-protection":"0","x-frame-options":"SAMEORIGIN","x-content-type-options":"nosniff","alt-svc":"h3-29=\":443\"; ma=2592000,h3-T051=\":443\"; ma=2592000,h3-Q050=\":443\"; ma=2592000,h3-Q046=\":443\"; ma=2592000,h3-Q043=\":443\"; ma=2592000,quic=\":443\"; ma=2592000; v=\"46,43\"","accept-ranges":"none","transfer-encoding":"chunked"}
[debug] [2021-06-03T10:40:23.130Z] >>> [apiv2][query] POST https://firebasehosting.googleapis.com/v1beta1/sites/covid-19-cases-vaccine-tracker/versions/ebbee5e3db533c72:populateFiles [none]
[debug] [2021-06-03T10:40:23.130Z] >>> [apiv2][body] POST https://firebasehosting.googleapis.com/v1beta1/sites/covid-19-cases-vaccine-tracker/versions/ebbee5e3db533c72:populateFiles {"files":{"/404.html":"daa499dd96d8229e73235345702ba32f0793f0c8e5c0d30e40e37a5872be57aa","/favicon.ico":"eae62e993eb980ec8a25058c39d5a51feab118bd2100c4deebb2a9c158ec11f9","/asset-manifest.json":"80dcee6f368803146e1ddb48d016b098be88ee8226fb2efb50f1d9edad5d9acf","/manifest.json":"aff3449bdc238776f5d6d967f19ec491b36aed5fb7f23ccff6500736fd58494a","/static/css/main.3575fec9.chunk.css":"905a0c6f129f72c09f8d865b392887d4d78c79ddaebafaf96725d488696c4bf8","/robots.txt":"bfe106a3fb878dc83461c86818bf74fc1bdc7f28538ba613cd3e775516ce8b49","/index.html":"abc6adebcd5973d9c115ad6e911da61f84ff0f81a681a4cbb3c23f9e9e6c613e","/logo512.png":"ee7e2f3fdb8209c4b6fd7bef6ba50d1b9dba30a25bb5c3126df057e1cb6f5331","/logo192.png":"3ee59515172ee198f3be375979df15ac5345183e656720a381b8872b2a39dc8b","/static/js/2.3f85001a.chunk.js.LICENSE.txt":"8af7aa2d2fc55b6c86fe2685442469598898f9ae2b065866140080258ff72267","/static/css/main.3575fec9.chunk.css.map":"0677118a9cbfeb59874edeab32a5b9db741e8d2d918c472d6b4b08abd27c4e5a","/static/js/3.d378d4bd.chunk.js":"c399aa9799b7621a3219296cca7704b3907bc835030d39df934a52e508b1edfe","/static/js/runtime-main.5e01b481.js":"5914ca0c61695768ba61c87d5a80395d37e98b4d33951cba400e0ec4ec0dceab","/static/js/3.d378d4bd.chunk.js.map":"f62b14e7044f5597afbb8a6b5624e3222c38158def7d6a860369f0068896f154","/static/js/main.bec7ed2b.chunk.js":"8768835084309976b960287ff9d98d777c90dfea6a6ae76edfd98c2e27a5ae38","/static/media/img1.560e63b4.svg":"a53022654b51b8dbb0b61080688758b841ea72ff9116310e7ec09dd35b9292ff","/static/js/runtime-main.5e01b481.js.map":"92de0ba10898d6a354746ee89856ce5de99cd447c8c35b1b722af8d83476e2cd","/static/media/pic2.b5735b48.svg":"0f9e7f605c82dfe3b445af6c34537fa5efab40134d72a38ac87f175e2e366e35","/static/js/main.bec7ed2b.chunk.js.map":"a999795a240c8fd345ff176d3b5b57b023159b9903c24b82147571b5699cbb4a","/static/js/2.3f85001a.chunk.js":"5386bdbd27fa43e33ad93ff1ffb30f48244743b9d60ef8f0ce56379484b5adc2","/static/js/2.3f85001a.chunk.js.map":"15a492e0d49682c9b9a7cabf81b425ce3ee096d51c9b5deb891b305d97a0d506"}}
[debug] [2021-06-03T10:40:24.718Z] <<< [apiv2][status] POST https://firebasehosting.googleapis.com/v1beta1/sites/covid-19-cases-vaccine-tracker/versions/ebbee5e3db533c72:populateFiles 200
[debug] [2021-06-03T10:40:24.718Z] <<< [apiv2][body] POST https://firebasehosting.googleapis.com/v1beta1/sites/covid-19-cases-vaccine-tracker/versions/ebbee5e3db533c72:populateFiles {"uploadRequiredHashes":["bfe106a3fb878dc83461c86818bf74fc1bdc7f28538ba613cd3e775516ce8b49","8af7aa2d2fc55b6c86fe2685442469598898f9ae2b065866140080258ff72267","daa499dd96d8229e73235345702ba32f0793f0c8e5c0d30e40e37a5872be57aa","0677118a9cbfeb59874edeab32a5b9db741e8d2d918c472d6b4b08abd27c4e5a","ee7e2f3fdb8209c4b6fd7bef6ba50d1b9dba30a25bb5c3126df057e1cb6f5331","aff3449bdc238776f5d6d967f19ec491b36aed5fb7f23ccff6500736fd58494a","905a0c6f129f72c09f8d865b392887d4d78c79ddaebafaf96725d488696c4bf8","3ee59515172ee198f3be375979df15ac5345183e656720a381b8872b2a39dc8b","80dcee6f368803146e1ddb48d016b098be88ee8226fb2efb50f1d9edad5d9acf","15a492e0d49682c9b9a7cabf81b425ce3ee096d51c9b5deb891b305d97a0d506","0f9e7f605c82dfe3b445af6c34537fa5efab40134d72a38ac87f175e2e366e35","a53022654b51b8dbb0b61080688758b841ea72ff9116310e7ec09dd35b9292ff","5386bdbd27fa43e33ad93ff1ffb30f48244743b9d60ef8f0ce56379484b5adc2","eae62e993eb980ec8a25058c39d5a51feab118bd2100c4deebb2a9c158ec11f9","c399aa9799b7621a3219296cca7704b3907bc835030d39df934a52e508b1edfe","a999795a240c8fd345ff176d3b5b57b023159b9903c24b82147571b5699cbb4a","92de0ba10898d6a354746ee89856ce5de99cd447c8c35b1b722af8d83476e2cd","abc6adebcd5973d9c115ad6e911da61f84ff0f81a681a4cbb3c23f9e9e6c613e","8768835084309976b960287ff9d98d777c90dfea6a6ae76edfd98c2e27a5ae38","5914ca0c61695768ba61c87d5a80395d37e98b4d33951cba400e0ec4ec0dceab","f62b14e7044f5597afbb8a6b5624e3222c38158def7d6a860369f0068896f154"],"uploadUrl":"https://upload-firebasehosting.googleapis.com/upload/sites/covid-19-cases-vaccine-tracker/versions/ebbee5e3db533c72/files"}
[debug] [2021-06-03T10:40:24.724Z] >>> [apiv2][query] POST https://upload-firebasehosting.googleapis.com/upload/sites/covid-19-cases-vaccine-tracker/versions/ebbee5e3db533c72/files/bfe106a3fb878dc83461c86818bf74fc1bdc7f28538ba613cd3e775516ce8b49 [none]
[debug] [2021-06-03T10:40:24.724Z] >>> [apiv2][body] POST https://upload-firebasehosting.googleapis.com/upload/sites/covid-19-cases-vaccine-tracker/versions/ebbee5e3db533c72/files/bfe106a3fb878dc83461c86818bf74fc1bdc7f28538ba613cd3e775516ce8b49 [stream]
[debug] [2021-06-03T10:40:24.726Z] >>> [apiv2][query] POST https://upload-firebasehosting.googleapis.com/upload/sites/covid-19-cases-vaccine-tracker/versions/ebbee5e3db533c72/files/8af7aa2d2fc55b6c86fe2685442469598898f9ae2b065866140080258ff72267 [none]
[debug] [2021-06-03T10:40:24.726Z] >>> [apiv2][body] POST https://upload-firebasehosting.googleapis.com/upload/sites/covid-19-cases-vaccine-tracker/versions/ebbee5e3db533c72/files/8af7aa2d2fc55b6c86fe2685442469598898f9ae2b065866140080258ff72267 [stream]
[debug] [2021-06-03T10:40:24.727Z] >>> [apiv2][query] POST https://upload-firebasehosting.googleapis.com/upload/sites/covid-19-cases-vaccine-tracker/versions/ebbee5e3db533c72/files/daa499dd96d8229e73235345702ba32f0793f0c8e5c0d30e40e37a5872be57aa [none]
[debug] [2021-06-03T10:40:24.727Z] >>> [apiv2][body] POST https://upload-firebasehosting.googleapis.com/upload/sites/covid-19-cases-vaccine-tracker/versions/ebbee5e3db533c72/files/daa499dd96d8229e73235345702ba32f0793f0c8e5c0d30e40e37a5872be57aa [stream]
[debug] [2021-06-03T10:40:24.728Z] >>> [apiv2][query] POST https://upload-firebasehosting.googleapis.com/upload/sites/covid-19-cases-vaccine-tracker/versions/ebbee5e3db533c72/files/0677118a9cbfeb59874edeab32a5b9db741e8d2d918c472d6b4b08abd27c4e5a [none]
[debug] [2021-06-03T10:40:24.729Z] >>> [apiv2][body] POST https://upload-firebasehosting.googleapis.com/upload/sites/covid-19-cases-vaccine-tracker/versions/ebbee5e3db533c72/files/0677118a9cbfeb59874edeab32a5b9db741e8d2d918c472d6b4b08abd27c4e5a [stream]
[debug] [2021-06-03T10:40:24.729Z] >>> [apiv2][query] POST https://upload-firebasehosting.googleapis.com/upload/sites/covid-19-cases-vaccine-tracker/versions/ebbee5e3db533c72/files/ee7e2f3fdb8209c4b6fd7bef6ba50d1b9dba30a25bb5c3126df057e1cb6f5331 [none]
[debug] [2021-06-03T10:40:24.730Z] >>> [apiv2][body] POST https://upload-firebasehosting.googleapis.com/upload/sites/covid-19-cases-vaccine-tracker/versions/ebbee5e3db533c72/files/ee7e2f3fdb8209c4b6fd7bef6ba50d1b9dba30a25bb5c3126df057e1cb6f5331 [stream]
[debug] [2021-06-03T10:40:24.731Z] >>> [apiv2][query] POST https://upload-firebasehosting.googleapis.com/upload/sites/covid-19-cases-vaccine-tracker/versions/ebbee5e3db533c72/files/aff3449bdc238776f5d6d967f19ec491b36aed5fb7f23ccff6500736fd58494a [none]
[debug] [2021-06-03T10:40:24.731Z] >>> [apiv2][body] POST https://upload-firebasehosting.googleapis.com/upload/sites/covid-19-cases-vaccine-tracker/versions/ebbee5e3db533c72/files/aff3449bdc238776f5d6d967f19ec491b36aed5fb7f23ccff6500736fd58494a [stream]
[debug] [2021-06-03T10:40:24.734Z] >>> [apiv2][query] POST https://upload-firebasehosting.googleapis.com/upload/sites/covid-19-cases-vaccine-tracker/versions/ebbee5e3db533c72/files/905a0c6f129f72c09f8d865b392887d4d78c79ddaebafaf96725d488696c4bf8 [none]
[debug] [2021-06-03T10:40:24.734Z] >>> [apiv2][body] POST https://upload-firebasehosting.googleapis.com/upload/sites/covid-19-cases-vaccine-tracker/versions/ebbee5e3db533c72/files/905a0c6f129f72c09f8d865b392887d4d78c79ddaebafaf96725d488696c4bf8 [stream]
[debug] [2021-06-03T10:40:24.735Z] >>> [apiv2][query] POST https://upload-firebasehosting.googleapis.com/upload/sites/covid-19-cases-vaccine-tracker/versions/ebbee5e3db533c72/files/3ee59515172ee198f3be375979df15ac5345183e656720a381b8872b2a39dc8b [none]
[debug] [2021-06-03T10:40:24.735Z] >>> [apiv2][body] POST https://upload-firebasehosting.googleapis.com/upload/sites/covid-19-cases-vaccine-tracker/versions/ebbee5e3db533c72/files/3ee59515172ee198f3be375979df15ac5345183e656720a381b8872b2a39dc8b [stream]
[debug] [2021-06-03T10:40:24.736Z] >>> [apiv2][query] POST https://upload-firebasehosting.googleapis.com/upload/sites/covid-19-cases-vaccine-tracker/versions/ebbee5e3db533c72/files/80dcee6f368803146e1ddb48d016b098be88ee8226fb2efb50f1d9edad5d9acf [none]
[debug] [2021-06-03T10:40:24.736Z] >>> [apiv2][body] POST https://upload-firebasehosting.googleapis.com/upload/sites/covid-19-cases-vaccine-tracker/versions/ebbee5e3db533c72/files/80dcee6f368803146e1ddb48d016b098be88ee8226fb2efb50f1d9edad5d9acf [stream]
[debug] [2021-06-03T10:40:24.738Z] >>> [apiv2][query] POST https://upload-firebasehosting.googleapis.com/upload/sites/covid-19-cases-vaccine-tracker/versions/ebbee5e3db533c72/files/15a492e0d49682c9b9a7cabf81b425ce3ee096d51c9b5deb891b305d97a0d506 [none]
[debug] [2021-06-03T10:40:24.738Z] >>> [apiv2][body] POST https://upload-firebasehosting.googleapis.com/upload/sites/covid-19-cases-vaccine-tracker/versions/ebbee5e3db533c72/files/15a492e0d49682c9b9a7cabf81b425ce3ee096d51c9b5deb891b305d97a0d506 [stream]
[debug] [2021-06-03T10:40:24.739Z] >>> [apiv2][query] POST https://upload-firebasehosting.googleapis.com/upload/sites/covid-19-cases-vaccine-tracker/versions/ebbee5e3db533c72/files/0f9e7f605c82dfe3b445af6c34537fa5efab40134d72a38ac87f175e2e366e35 [none]
[debug] [2021-06-03T10:40:24.739Z] >>> [apiv2][body] POST https://upload-firebasehosting.googleapis.com/upload/sites/covid-19-cases-vaccine-tracker/versions/ebbee5e3db533c72/files/0f9e7f605c82dfe3b445af6c34537fa5efab40134d72a38ac87f175e2e366e35 [stream]
[debug] [2021-06-03T10:40:24.740Z] >>> [apiv2][query] POST https://upload-firebasehosting.googleapis.com/upload/sites/covid-19-cases-vaccine-tracker/versions/ebbee5e3db533c72/files/a53022654b51b8dbb0b61080688758b841ea72ff9116310e7ec09dd35b9292ff [none]
[debug] [2021-06-03T10:40:24.740Z] >>> [apiv2][body] POST https://upload-firebasehosting.googleapis.com/upload/sites/covid-19-cases-vaccine-tracker/versions/ebbee5e3db533c72/files/a53022654b51b8dbb0b61080688758b841ea72ff9116310e7ec09dd35b9292ff [stream]
[debug] [2021-06-03T10:40:24.741Z] >>> [apiv2][query] POST https://upload-firebasehosting.googleapis.com/upload/sites/covid-19-cases-vaccine-tracker/versions/ebbee5e3db533c72/files/5386bdbd27fa43e33ad93ff1ffb30f48244743b9d60ef8f0ce56379484b5adc2 [none]
[debug] [2021-06-03T10:40:24.742Z] >>> [apiv2][body] POST https://upload-firebasehosting.googleapis.com/upload/sites/covid-19-cases-vaccine-tracker/versions/ebbee5e3db533c72/files/5386bdbd27fa43e33ad93ff1ffb30f48244743b9d60ef8f0ce56379484b5adc2 [stream]
[debug] [2021-06-03T10:40:24.742Z] >>> [apiv2][query] POST https://upload-firebasehosting.googleapis.com/upload/sites/covid-19-cases-vaccine-tracker/versions/ebbee5e3db533c72/files/eae62e993eb980ec8a25058c39d5a51feab118bd2100c4deebb2a9c158ec11f9 [none]
[debug] [2021-06-03T10:40:24.742Z] >>> [apiv2][body] POST https://upload-firebasehosting.googleapis.com/upload/sites/covid-19-cases-vaccine-tracker/versions/ebbee5e3db533c72/files/eae62e993eb980ec8a25058c39d5a51feab118bd2100c4deebb2a9c158ec11f9 [stream]
[debug] [2021-06-03T10:40:24.743Z] >>> [apiv2][query] POST https://upload-firebasehosting.googleapis.com/upload/sites/covid-19-cases-vaccine-tracker/versions/ebbee5e3db533c72/files/c399aa9799b7621a3219296cca7704b3907bc835030d39df934a52e508b1edfe [none]
[debug] [2021-06-03T10:40:24.743Z] >>> [apiv2][body] POST https://upload-firebasehosting.googleapis.com/upload/sites/covid-19-cases-vaccine-tracker/versions/ebbee5e3db533c72/files/c399aa9799b7621a3219296cca7704b3907bc835030d39df934a52e508b1edfe [stream]
[debug] [2021-06-03T10:40:24.743Z] >>> [apiv2][query] POST https://upload-firebasehosting.googleapis.com/upload/sites/covid-19-cases-vaccine-tracker/versions/ebbee5e3db533c72/files/a999795a240c8fd345ff176d3b5b57b023159b9903c24b82147571b5699cbb4a [none]
[debug] [2021-06-03T10:40:24.743Z] >>> [apiv2][body] POST https://upload-firebasehosting.googleapis.com/upload/sites/covid-19-cases-vaccine-tracker/versions/ebbee5e3db533c72/files/a999795a240c8fd345ff176d3b5b57b023159b9903c24b82147571b5699cbb4a [stream]
[debug] [2021-06-03T10:40:24.744Z] >>> [apiv2][query] POST https://upload-firebasehosting.googleapis.com/upload/sites/covid-19-cases-vaccine-tracker/versions/ebbee5e3db533c72/files/92de0ba10898d6a354746ee89856ce5de99cd447c8c35b1b722af8d83476e2cd [none]
[debug] [2021-06-03T10:40:24.744Z] >>> [apiv2][body] POST https://upload-firebasehosting.googleapis.com/upload/sites/covid-19-cases-vaccine-tracker/versions/ebbee5e3db533c72/files/92de0ba10898d6a354746ee89856ce5de99cd447c8c35b1b722af8d83476e2cd [stream]
[debug] [2021-06-03T10:40:24.744Z] >>> [apiv2][query] POST https://upload-firebasehosting.googleapis.com/upload/sites/covid-19-cases-vaccine-tracker/versions/ebbee5e3db533c72/files/abc6adebcd5973d9c115ad6e911da61f84ff0f81a681a4cbb3c23f9e9e6c613e [none]
[debug] [2021-06-03T10:40:24.745Z] >>> [apiv2][body] POST https://upload-firebasehosting.googleapis.com/upload/sites/covid-19-cases-vaccine-tracker/versions/ebbee5e3db533c72/files/abc6adebcd5973d9c115ad6e911da61f84ff0f81a681a4cbb3c23f9e9e6c613e [stream]
[debug] [2021-06-03T10:40:24.745Z] >>> [apiv2][query] POST https://upload-firebasehosting.googleapis.com/upload/sites/covid-19-cases-vaccine-tracker/versions/ebbee5e3db533c72/files/8768835084309976b960287ff9d98d777c90dfea6a6ae76edfd98c2e27a5ae38 [none]
[debug] [2021-06-03T10:40:24.745Z] >>> [apiv2][body] POST https://upload-firebasehosting.googleapis.com/upload/sites/covid-19-cases-vaccine-tracker/versions/ebbee5e3db533c72/files/8768835084309976b960287ff9d98d777c90dfea6a6ae76edfd98c2e27a5ae38 [stream]
[debug] [2021-06-03T10:40:24.746Z] >>> [apiv2][query] POST https://upload-firebasehosting.googleapis.com/upload/sites/covid-19-cases-vaccine-tracker/versions/ebbee5e3db533c72/files/5914ca0c61695768ba61c87d5a80395d37e98b4d33951cba400e0ec4ec0dceab [none]
[debug] [2021-06-03T10:40:24.746Z] >>> [apiv2][body] POST https://upload-firebasehosting.googleapis.com/upload/sites/covid-19-cases-vaccine-tracker/versions/ebbee5e3db533c72/files/5914ca0c61695768ba61c87d5a80395d37e98b4d33951cba400e0ec4ec0dceab [stream]
[debug] [2021-06-03T10:40:24.746Z] >>> [apiv2][query] POST https://upload-firebasehosting.googleapis.com/upload/sites/covid-19-cases-vaccine-tracker/versions/ebbee5e3db533c72/files/f62b14e7044f5597afbb8a6b5624e3222c38158def7d6a860369f0068896f154 [none]
[debug] [2021-06-03T10:40:24.747Z] >>> [apiv2][body] POST https://upload-firebasehosting.googleapis.com/upload/sites/covid-19-cases-vaccine-tracker/versions/ebbee5e3db533c72/files/f62b14e7044f5597afbb8a6b5624e3222c38158def7d6a860369f0068896f154 [stream]
[debug] [2021-06-03T10:40:24.747Z] [hosting][populate queue][FINAL] {"max":1765,"min":1765,"avg":1765,"active":0,"complete":1,"success":1,"errored":0,"retried":0,"total":1,"elapsed":1788}
[debug] [2021-06-03T10:40:24.747Z] [hosting] uploads queued: 21
[debug] [2021-06-03T10:40:46.308Z] [uploadQueue] Retrying task 8af7aa2d2fc55b6c86fe2685442469598898f9ae2b065866140080258ff72267
[debug] [2021-06-03T10:40:46.309Z] >>> [apiv2][query] POST https://upload-firebasehosting.googleapis.com/upload/sites/covid-19-cases-vaccine-tracker/versions/ebbee5e3db533c72/files/8af7aa2d2fc55b6c86fe2685442469598898f9ae2b065866140080258ff72267 [none]
[debug] [2021-06-03T10:40:46.310Z] >>> [apiv2][body] POST https://upload-firebasehosting.googleapis.com/upload/sites/covid-19-cases-vaccine-tracker/versions/ebbee5e3db533c72/files/8af7aa2d2fc55b6c86fe2685442469598898f9ae2b065866140080258ff72267 [stream]
[debug] [2021-06-03T10:40:46.313Z] [uploadQueue] Retrying task bfe106a3fb878dc83461c86818bf74fc1bdc7f28538ba613cd3e775516ce8b49
[debug] [2021-06-03T10:40:46.313Z] >>> [apiv2][query] POST https://upload-firebasehosting.googleapis.com/upload/sites/covid-19-cases-vaccine-tracker/versions/ebbee5e3db533c72/files/bfe106a3fb878dc83461c86818bf74fc1bdc7f28538ba613cd3e775516ce8b49 [none]
[debug] [2021-06-03T10:40:46.314Z] >>> [apiv2][body] POST https://upload-firebasehosting.googleapis.com/upload/sites/covid-19-cases-vaccine-tracker/versions/ebbee5e3db533c72/files/bfe106a3fb878dc83461c86818bf74fc1bdc7f28538ba613cd3e775516ce8b49 [stream]
[debug] [2021-06-03T10:40:46.315Z] [uploadQueue] Retrying task 0677118a9cbfeb59874edeab32a5b9db741e8d2d918c472d6b4b08abd27c4e5a
[debug] [2021-06-03T10:40:46.317Z] >>> [apiv2][query] POST https://upload-firebasehosting.googleapis.com/upload/sites/covid-19-cases-vaccine-tracker/versions/ebbee5e3db533c72/files/0677118a9cbfeb59874edeab32a5b9db741e8d2d918c472d6b4b08abd27c4e5a [none]
[debug] [2021-06-03T10:40:46.318Z] >>> [apiv2][body] POST https://upload-firebasehosting.googleapis.com/upload/sites/covid-19-cases-vaccine-tracker/versions/ebbee5e3db533c72/files/0677118a9cbfeb59874edeab32a5b9db741e8d2d918c472d6b4b08abd27c4e5a [stream]
[debug] [2021-06-03T10:40:46.320Z] [uploadQueue] Retrying task ee7e2f3fdb8209c4b6fd7bef6ba50d1b9dba30a25bb5c3126df057e1cb6f5331
[debug] [2021-06-03T10:40:46.321Z] >>> [apiv2][query] POST https://upload-firebasehosting.googleapis.com/upload/sites/covid-19-cases-vaccine-tracker/versions/ebbee5e3db533c72/files/ee7e2f3fdb8209c4b6fd7bef6ba50d1b9dba30a25bb5c3126df057e1cb6f5331 [none]
[debug] [2021-06-03T10:40:46.321Z] >>> [apiv2][body] POST https://upload-firebasehosting.googleapis.com/upload/sites/covid-19-cases-vaccine-tracker/versions/ebbee5e3db533c72/files/ee7e2f3fdb8209c4b6fd7bef6ba50d1b9dba30a25bb5c3126df057e1cb6f5331 [stream]
[debug] [2021-06-03T10:40:46.322Z] [uploadQueue] Retrying task 905a0c6f129f72c09f8d865b392887d4d78c79ddaebafaf96725d488696c4bf8
[debug] [2021-06-03T10:40:46.322Z] >>> [apiv2][query] POST https://upload-firebasehosting.googleapis.com/upload/sites/covid-19-cases-vaccine-tracker/versions/ebbee5e3db533c72/files/905a0c6f129f72c09f8d865b392887d4d78c79ddaebafaf96725d488696c4bf8 [none]
[debug] [2021-06-03T10:40:46.322Z] >>> [apiv2][body] POST https://upload-firebasehosting.googleapis.com/upload/sites/covid-19-cases-vaccine-tracker/versions/ebbee5e3db533c72/files/905a0c6f129f72c09f8d865b392887d4d78c79ddaebafaf96725d488696c4bf8 [stream]
[debug] [2021-06-03T10:40:46.323Z] [uploadQueue] Retrying task 3ee59515172ee198f3be375979df15ac5345183e656720a381b8872b2a39dc8b
[debug] [2021-06-03T10:40:46.324Z] >>> [apiv2][query] POST https://upload-firebasehosting.googleapis.com/upload/sites/covid-19-cases-vaccine-tracker/versions/ebbee5e3db533c72/files/3ee59515172ee198f3be375979df15ac5345183e656720a381b8872b2a39dc8b [none]
[debug] [2021-06-03T10:40:46.324Z] >>> [apiv2][body] POST https://upload-firebasehosting.googleapis.com/upload/sites/covid-19-cases-vaccine-tracker/versions/ebbee5e3db533c72/files/3ee59515172ee198f3be375979df15ac5345183e656720a381b8872b2a39dc8b [stream]
[debug] [2021-06-03T10:40:46.324Z] [uploadQueue] Retrying task aff3449bdc238776f5d6d967f19ec491b36aed5fb7f23ccff6500736fd58494a
[debug] [2021-06-03T10:40:46.325Z] >>> [apiv2][query] POST https://upload-firebasehosting.googleapis.com/upload/sites/covid-19-cases-vaccine-tracker/versions/ebbee5e3db533c72/files/aff3449bdc238776f5d6d967f19ec491b36aed5fb7f23ccff6500736fd58494a [none]
[debug] [2021-06-03T10:40:46.325Z] >>> [apiv2][body] POST https://upload-firebasehosting.googleapis.com/upload/sites/covid-19-cases-vaccine-tracker/versions/ebbee5e3db533c72/files/aff3449bdc238776f5d6d967f19ec491b36aed5fb7f23ccff6500736fd58494a [stream]
[debug] [2021-06-03T10:40:46.326Z] [uploadQueue] Retrying task 80dcee6f368803146e1ddb48d016b098be88ee8226fb2efb50f1d9edad5d9acf
[debug] [2021-06-03T10:40:46.326Z] >>> [apiv2][query] POST https://upload-firebasehosting.googleapis.com/upload/sites/covid-19-cases-vaccine-tracker/versions/ebbee5e3db533c72/files/80dcee6f368803146e1ddb48d016b098be88ee8226fb2efb50f1d9edad5d9acf [none]
[debug] [2021-06-03T10:40:46.326Z] >>> [apiv2][body] POST https://upload-firebasehosting.googleapis.com/upload/sites/covid-19-cases-vaccine-tracker/versions/ebbee5e3db533c72/files/80dcee6f368803146e1ddb48d016b098be88ee8226fb2efb50f1d9edad5d9acf [stream]
[debug] [2021-06-03T10:40:46.326Z] [uploadQueue] Retrying task 15a492e0d49682c9b9a7cabf81b425ce3ee096d51c9b5deb891b305d97a0d506
[debug] [2021-06-03T10:40:46.327Z] >>> [apiv2][query] POST https://upload-firebasehosting.googleapis.com/upload/sites/covid-19-cases-vaccine-tracker/versions/ebbee5e3db533c72/files/15a492e0d49682c9b9a7cabf81b425ce3ee096d51c9b5deb891b305d97a0d506 [none]
[debug] [2021-06-03T10:40:46.327Z] >>> [apiv2][body] POST https://upload-firebasehosting.googleapis.com/upload/sites/covid-19-cases-vaccine-tracker/versions/ebbee5e3db533c72/files/15a492e0d49682c9b9a7cabf81b425ce3ee096d51c9b5deb891b305d97a0d506 [stream]
[debug] [2021-06-03T10:40:46.328Z] [uploadQueue] Retrying task 0f9e7f605c82dfe3b445af6c34537fa5efab40134d72a38ac87f175e2e366e35
[debug] [2021-06-03T10:40:46.328Z] >>> [apiv2][query] POST https://upload-firebasehosting.googleapis.com/upload/sites/covid-19-cases-vaccine-tracker/versions/ebbee5e3db533c72/files/0f9e7f605c82dfe3b445af6c34537fa5efab40134d72a38ac87f175e2e366e35 [none]
[debug] [2021-06-03T10:40:46.328Z] >>> [apiv2][body] POST https://upload-firebasehosting.googleapis.com/upload/sites/covid-19-cases-vaccine-tracker/versions/ebbee5e3db533c72/files/0f9e7f605c82dfe3b445af6c34537fa5efab40134d72a38ac87f175e2e366e35 [stream]
[debug] [2021-06-03T10:40:46.329Z] [uploadQueue] Retrying task 5386bdbd27fa43e33ad93ff1ffb30f48244743b9d60ef8f0ce56379484b5adc2
[debug] [2021-06-03T10:40:46.329Z] >>> [apiv2][query] POST https://upload-firebasehosting.googleapis.com/upload/sites/covid-19-cases-vaccine-tracker/versions/ebbee5e3db533c72/files/5386bdbd27fa43e33ad93ff1ffb30f48244743b9d60ef8f0ce56379484b5adc2 [none]
[debug] [2021-06-03T10:40:46.329Z] >>> [apiv2][body] POST https://upload-firebasehosting.googleapis.com/upload/sites/covid-19-cases-vaccine-tracker/versions/ebbee5e3db533c72/files/5386bdbd27fa43e33ad93ff1ffb30f48244743b9d60ef8f0ce56379484b5adc2 [stream]
[debug] [2021-06-03T10:40:46.329Z] [uploadQueue] Retrying task daa499dd96d8229e73235345702ba32f0793f0c8e5c0d30e40e37a5872be57aa
[debug] [2021-06-03T10:40:46.330Z] >>> [apiv2][query] POST https://upload-firebasehosting.googleapis.com/upload/sites/covid-19-cases-vaccine-tracker/versions/ebbee5e3db533c72/files/daa499dd96d8229e73235345702ba32f0793f0c8e5c0d30e40e37a5872be57aa [none]
[debug] [2021-06-03T10:40:46.330Z] >>> [apiv2][body] POST https://upload-firebasehosting.googleapis.com/upload/sites/covid-19-cases-vaccine-tracker/versions/ebbee5e3db533c72/files/daa499dd96d8229e73235345702ba32f0793f0c8e5c0d30e40e37a5872be57aa [stream]
[debug] [2021-06-03T10:40:46.330Z] [uploadQueue] Retrying task a53022654b51b8dbb0b61080688758b841ea72ff9116310e7ec09dd35b9292ff
[debug] [2021-06-03T10:40:46.330Z] >>> [apiv2][query] POST https://upload-firebasehosting.googleapis.com/upload/sites/covid-19-cases-vaccine-tracker/versions/ebbee5e3db533c72/files/a53022654b51b8dbb0b61080688758b841ea72ff9116310e7ec09dd35b9292ff [none]
[debug] [2021-06-03T10:40:46.331Z] >>> [apiv2][body] POST https://upload-firebasehosting.googleapis.com/upload/sites/covid-19-cases-vaccine-tracker/versions/ebbee5e3db533c72/files/a53022654b51b8dbb0b61080688758b841ea72ff9116310e7ec09dd35b9292ff [stream]
[debug] [2021-06-03T10:40:46.331Z] [uploadQueue] Retrying task c399aa9799b7621a3219296cca7704b3907bc835030d39df934a52e508b1edfe
[debug] [2021-06-03T10:40:46.331Z] >>> [apiv2][query] POST https://upload-firebasehosting.googleapis.com/upload/sites/covid-19-cases-vaccine-tracker/versions/ebbee5e3db533c72/files/c399aa9799b7621a3219296cca7704b3907bc835030d39df934a52e508b1edfe [none]
[debug] [2021-06-03T10:40:46.331Z] >>> [apiv2][body] POST https://upload-firebasehosting.googleapis.com/upload/sites/covid-19-cases-vaccine-tracker/versions/ebbee5e3db533c72/files/c399aa9799b7621a3219296cca7704b3907bc835030d39df934a52e508b1edfe [stream]
[debug] [2021-06-03T10:40:46.333Z] [uploadQueue] Retrying task eae62e993eb980ec8a25058c39d5a51feab118bd2100c4deebb2a9c158ec11f9
[debug] [2021-06-03T10:40:46.333Z] >>> [apiv2][query] POST https://upload-firebasehosting.googleapis.com/upload/sites/covid-19-cases-vaccine-tracker/versions/ebbee5e3db533c72/files/eae62e993eb980ec8a25058c39d5a51feab118bd2100c4deebb2a9c158ec11f9 [none]
[debug] [2021-06-03T10:40:46.333Z] >>> [apiv2][body] POST https://upload-firebasehosting.googleapis.com/upload/sites/covid-19-cases-vaccine-tracker/versions/ebbee5e3db533c72/files/eae62e993eb980ec8a25058c39d5a51feab118bd2100c4deebb2a9c158ec11f9 [stream]
[debug] [2021-06-03T10:40:46.334Z] [uploadQueue] Retrying task 92de0ba10898d6a354746ee89856ce5de99cd447c8c35b1b722af8d83476e2cd
[debug] [2021-06-03T10:40:46.334Z] >>> [apiv2][query] POST https://upload-firebasehosting.googleapis.com/upload/sites/covid-19-cases-vaccine-tracker/versions/ebbee5e3db533c72/files/92de0ba10898d6a354746ee89856ce5de99cd447c8c35b1b722af8d83476e2cd [none]
[debug] [2021-06-03T10:40:46.335Z] >>> [apiv2][body] POST https://upload-firebasehosting.googleapis.com/upload/sites/covid-19-cases-vaccine-tracker/versions/ebbee5e3db533c72/files/92de0ba10898d6a354746ee89856ce5de99cd447c8c35b1b722af8d83476e2cd [stream]
[debug] [2021-06-03T10:40:46.335Z] [uploadQueue] Retrying task a999795a240c8fd345ff176d3b5b57b023159b9903c24b82147571b5699cbb4a
[debug] [2021-06-03T10:40:46.336Z] >>> [apiv2][query] POST https://upload-firebasehosting.googleapis.com/upload/sites/covid-19-cases-vaccine-tracker/versions/ebbee5e3db533c72/files/a999795a240c8fd345ff176d3b5b57b023159b9903c24b82147571b5699cbb4a [none]
[debug] [2021-06-03T10:40:46.336Z] >>> [apiv2][body] POST https://upload-firebasehosting.googleapis.com/upload/sites/covid-19-cases-vaccine-tracker/versions/ebbee5e3db533c72/files/a999795a240c8fd345ff176d3b5b57b023159b9903c24b82147571b5699cbb4a [stream]
[debug] [2021-06-03T10:40:46.336Z] [uploadQueue] Retrying task abc6adebcd5973d9c115ad6e911da61f84ff0f81a681a4cbb3c23f9e9e6c613e
[debug] [2021-06-03T10:40:46.336Z] >>> [apiv2][query] POST https://upload-firebasehosting.googleapis.com/upload/sites/covid-19-cases-vaccine-tracker/versions/ebbee5e3db533c72/files/abc6adebcd5973d9c115ad6e911da61f84ff0f81a681a4cbb3c23f9e9e6c613e [none]
[debug] [2021-06-03T10:40:46.337Z] >>> [apiv2][body] POST https://upload-firebasehosting.googleapis.com/upload/sites/covid-19-cases-vaccine-tracker/versions/ebbee5e3db533c72/files/abc6adebcd5973d9c115ad6e911da61f84ff0f81a681a4cbb3c23f9e9e6c613e [stream]
[debug] [2021-06-03T10:40:46.337Z] [uploadQueue] Retrying task 8768835084309976b960287ff9d98d777c90dfea6a6ae76edfd98c2e27a5ae38
[debug] [2021-06-03T10:40:46.337Z] >>> [apiv2][query] POST https://upload-firebasehosting.googleapis.com/upload/sites/covid-19-cases-vaccine-tracker/versions/ebbee5e3db533c72/files/8768835084309976b960287ff9d98d777c90dfea6a6ae76edfd98c2e27a5ae38 [none]
[debug] [2021-06-03T10:40:46.337Z] >>> [apiv2][body] POST https://upload-firebasehosting.googleapis.com/upload/sites/covid-19-cases-vaccine-tracker/versions/ebbee5e3db533c72/files/8768835084309976b960287ff9d98d777c90dfea6a6ae76edfd98c2e27a5ae38 [stream]
[debug] [2021-06-03T10:40:46.338Z] [uploadQueue] Retrying task f62b14e7044f5597afbb8a6b5624e3222c38158def7d6a860369f0068896f154
[debug] [2021-06-03T10:40:46.338Z] >>> [apiv2][query] POST https://upload-firebasehosting.googleapis.com/upload/sites/covid-19-cases-vaccine-tracker/versions/ebbee5e3db533c72/files/f62b14e7044f5597afbb8a6b5624e3222c38158def7d6a860369f0068896f154 [none]
[debug] [2021-06-03T10:40:46.338Z] >>> [apiv2][body] POST https://upload-firebasehosting.googleapis.com/upload/sites/covid-19-cases-vaccine-tracker/versions/ebbee5e3db533c72/files/f62b14e7044f5597afbb8a6b5624e3222c38158def7d6a860369f0068896f154 [stream]
[debug] [2021-06-03T10:40:46.339Z] [uploadQueue] Retrying task 5914ca0c61695768ba61c87d5a80395d37e98b4d33951cba400e0ec4ec0dceab
[debug] [2021-06-03T10:40:46.339Z] >>> [apiv2][query] POST https://upload-firebasehosting.googleapis.com/upload/sites/covid-19-cases-vaccine-tracker/versions/ebbee5e3db533c72/files/5914ca0c61695768ba61c87d5a80395d37e98b4d33951cba400e0ec4ec0dceab [none]
[debug] [2021-06-03T10:40:46.339Z] >>> [apiv2][body] POST https://upload-firebasehosting.googleapis.com/upload/sites/covid-19-cases-vaccine-tracker/versions/ebbee5e3db533c72/files/5914ca0c61695768ba61c87d5a80395d37e98b4d33951cba400e0ec4ec0dceab [stream]
[debug] [2021-06-03T10:41:08.182Z] [uploadQueue] Retrying task 8af7aa2d2fc55b6c86fe2685442469598898f9ae2b065866140080258ff72267
[debug] [2021-06-03T10:41:08.182Z] >>> [apiv2][query] POST https://upload-firebasehosting.googleapis.com/upload/sites/covid-19-cases-vaccine-tracker/versions/ebbee5e3db533c72/files/8af7aa2d2fc55b6c86fe2685442469598898f9ae2b065866140080258ff72267 [none]
[debug] [2021-06-03T10:41:08.183Z] >>> [apiv2][body] POST https://upload-firebasehosting.googleapis.com/upload/sites/covid-19-cases-vaccine-tracker/versions/ebbee5e3db533c72/files/8af7aa2d2fc55b6c86fe2685442469598898f9ae2b065866140080258ff72267 [stream]
[debug] [2021-06-03T10:41:08.184Z] [uploadQueue] Retrying task bfe106a3fb878dc83461c86818bf74fc1bdc7f28538ba613cd3e775516ce8b49
[debug] [2021-06-03T10:41:08.184Z] >>> [apiv2][query] POST https://upload-firebasehosting.googleapis.com/upload/sites/covid-19-cases-vaccine-tracker/versions/ebbee5e3db533c72/files/bfe106a3fb878dc83461c86818bf74fc1bdc7f28538ba613cd3e775516ce8b49 [none]
[debug] [2021-06-03T10:41:08.184Z] >>> [apiv2][body] POST https://upload-firebasehosting.googleapis.com/upload/sites/covid-19-cases-vaccine-tracker/versions/ebbee5e3db533c72/files/bfe106a3fb878dc83461c86818bf74fc1bdc7f28538ba613cd3e775516ce8b49 [stream]
[debug] [2021-06-03T10:41:08.185Z] [uploadQueue] Retrying task 0677118a9cbfeb59874edeab32a5b9db741e8d2d918c472d6b4b08abd27c4e5a
[debug] [2021-06-03T10:41:08.185Z] >>> [apiv2][query] POST https://upload-firebasehosting.googleapis.com/upload/sites/covid-19-cases-vaccine-tracker/versions/ebbee5e3db533c72/files/0677118a9cbfeb59874edeab32a5b9db741e8d2d918c472d6b4b08abd27c4e5a [none]
[debug] [2021-06-03T10:41:08.186Z] >>> [apiv2][body] POST https://upload-firebasehosting.googleapis.com/upload/sites/covid-19-cases-vaccine-tracker/versions/ebbee5e3db533c72/files/0677118a9cbfeb59874edeab32a5b9db741e8d2d918c472d6b4b08abd27c4e5a [stream]
[debug] [2021-06-03T10:41:08.186Z] [uploadQueue] Retrying task ee7e2f3fdb8209c4b6fd7bef6ba50d1b9dba30a25bb5c3126df057e1cb6f5331
[debug] [2021-06-03T10:41:08.186Z] >>> [apiv2][query] POST https://upload-firebasehosting.googleapis.com/upload/sites/covid-19-cases-vaccine-tracker/versions/ebbee5e3db533c72/files/ee7e2f3fdb8209c4b6fd7bef6ba50d1b9dba30a25bb5c3126df057e1cb6f5331 [none]
[debug] [2021-06-03T10:41:08.187Z] >>> [apiv2][body] POST https://upload-firebasehosting.googleapis.com/upload/sites/covid-19-cases-vaccine-tracker/versions/ebbee5e3db533c72/files/ee7e2f3fdb8209c4b6fd7bef6ba50d1b9dba30a25bb5c3126df057e1cb6f5331 [stream]
[debug] [2021-06-03T10:41:08.187Z] [uploadQueue] Retrying task 905a0c6f129f72c09f8d865b392887d4d78c79ddaebafaf96725d488696c4bf8
[debug] [2021-06-03T10:41:08.187Z] >>> [apiv2][query] POST https://upload-firebasehosting.googleapis.com/upload/sites/covid-19-cases-vaccine-tracker/versions/ebbee5e3db533c72/files/905a0c6f129f72c09f8d865b392887d4d78c79ddaebafaf96725d488696c4bf8 [none]
[debug] [2021-06-03T10:41:08.187Z] >>> [apiv2][body] POST https://upload-firebasehosting.googleapis.com/upload/sites/covid-19-cases-vaccine-tracker/versions/ebbee5e3db533c72/files/905a0c6f129f72c09f8d865b392887d4d78c79ddaebafaf96725d488696c4bf8 [stream]
[debug] [2021-06-03T10:41:08.188Z] [uploadQueue] Retrying task 3ee59515172ee198f3be375979df15ac5345183e656720a381b8872b2a39dc8b
[debug] [2021-06-03T10:41:08.188Z] >>> [apiv2][query] POST https://upload-firebasehosting.googleapis.com/upload/sites/covid-19-cases-vaccine-tracker/versions/ebbee5e3db533c72/files/3ee59515172ee198f3be375979df15ac5345183e656720a381b8872b2a39dc8b [none]
[debug] [2021-06-03T10:41:08.188Z] >>> [apiv2][body] POST https://upload-firebasehosting.googleapis.com/upload/sites/covid-19-cases-vaccine-tracker/versions/ebbee5e3db533c72/files/3ee59515172ee198f3be375979df15ac5345183e656720a381b8872b2a39dc8b [stream]
[debug] [2021-06-03T10:41:08.189Z] [uploadQueue] Retrying task aff3449bdc238776f5d6d967f19ec491b36aed5fb7f23ccff6500736fd58494a
[debug] [2021-06-03T10:41:08.189Z] >>> [apiv2][query] POST https://upload-firebasehosting.googleapis.com/upload/sites/covid-19-cases-vaccine-tracker/versions/ebbee5e3db533c72/files/aff3449bdc238776f5d6d967f19ec491b36aed5fb7f23ccff6500736fd58494a [none]
[debug] [2021-06-03T10:41:08.189Z] >>> [apiv2][body] POST https://upload-firebasehosting.googleapis.com/upload/sites/covid-19-cases-vaccine-tracker/versions/ebbee5e3db533c72/files/aff3449bdc238776f5d6d967f19ec491b36aed5fb7f23ccff6500736fd58494a [stream]
[debug] [2021-06-03T10:41:08.190Z] [uploadQueue] Retrying task 80dcee6f368803146e1ddb48d016b098be88ee8226fb2efb50f1d9edad5d9acf
[debug] [2021-06-03T10:41:08.190Z] >>> [apiv2][query] POST https://upload-firebasehosting.googleapis.com/upload/sites/covid-19-cases-vaccine-tracker/versions/ebbee5e3db533c72/files/80dcee6f368803146e1ddb48d016b098be88ee8226fb2efb50f1d9edad5d9acf [none]
[debug] [2021-06-03T10:41:08.190Z] >>> [apiv2][body] POST https://upload-firebasehosting.googleapis.com/upload/sites/covid-19-cases-vaccine-tracker/versions/ebbee5e3db533c72/files/80dcee6f368803146e1ddb48d016b098be88ee8226fb2efb50f1d9edad5d9acf [stream]
[debug] [2021-06-03T10:41:08.190Z] [uploadQueue] Retrying task 15a492e0d49682c9b9a7cabf81b425ce3ee096d51c9b5deb891b305d97a0d506
[debug] [2021-06-03T10:41:08.190Z] >>> [apiv2][query] POST https://upload-firebasehosting.googleapis.com/upload/sites/covid-19-cases-vaccine-tracker/versions/ebbee5e3db533c72/files/15a492e0d49682c9b9a7cabf81b425ce3ee096d51c9b5deb891b305d97a0d506 [none]
[debug] [2021-06-03T10:41:08.191Z] >>> [apiv2][body] POST https://upload-firebasehosting.googleapis.com/upload/sites/covid-19-cases-vaccine-tracker/versions/ebbee5e3db533c72/files/15a492e0d49682c9b9a7cabf81b425ce3ee096d51c9b5deb891b305d97a0d506 [stream]
[debug] [2021-06-03T10:41:08.191Z] [uploadQueue] Retrying task 0f9e7f605c82dfe3b445af6c34537fa5efab40134d72a38ac87f175e2e366e35
[debug] [2021-06-03T10:41:08.191Z] >>> [apiv2][query] POST https://upload-firebasehosting.googleapis.com/upload/sites/covid-19-cases-vaccine-tracker/versions/ebbee5e3db533c72/files/0f9e7f605c82dfe3b445af6c34537fa5efab40134d72a38ac87f175e2e366e35 [none]
[debug] [2021-06-03T10:41:08.191Z] >>> [apiv2][body] POST https://upload-firebasehosting.googleapis.com/upload/sites/covid-19-cases-vaccine-tracker/versions/ebbee5e3db533c72/files/0f9e7f605c82dfe3b445af6c34537fa5efab40134d72a38ac87f175e2e366e35 [stream]
[debug] [2021-06-03T10:41:08.192Z] [uploadQueue] Retrying task 5386bdbd27fa43e33ad93ff1ffb30f48244743b9d60ef8f0ce56379484b5adc2
[debug] [2021-06-03T10:41:08.192Z] >>> [apiv2][query] POST https://upload-firebasehosting.googleapis.com/upload/sites/covid-19-cases-vaccine-tracker/versions/ebbee5e3db533c72/files/5386bdbd27fa43e33ad93ff1ffb30f48244743b9d60ef8f0ce56379484b5adc2 [none]
[debug] [2021-06-03T10:41:08.192Z] >>> [apiv2][body] POST https://upload-firebasehosting.googleapis.com/upload/sites/covid-19-cases-vaccine-tracker/versions/ebbee5e3db533c72/files/5386bdbd27fa43e33ad93ff1ffb30f48244743b9d60ef8f0ce56379484b5adc2 [stream]
[debug] [2021-06-03T10:41:08.192Z] [uploadQueue] Retrying task daa499dd96d8229e73235345702ba32f0793f0c8e5c0d30e40e37a5872be57aa
[debug] [2021-06-03T10:41:08.192Z] >>> [apiv2][query] POST https://upload-firebasehosting.googleapis.com/upload/sites/covid-19-cases-vaccine-tracker/versions/ebbee5e3db533c72/files/daa499dd96d8229e73235345702ba32f0793f0c8e5c0d30e40e37a5872be57aa [none]
[debug] [2021-06-03T10:41:08.192Z] >>> [apiv2][body] POST https://upload-firebasehosting.googleapis.com/upload/sites/covid-19-cases-vaccine-tracker/versions/ebbee5e3db533c72/files/daa499dd96d8229e73235345702ba32f0793f0c8e5c0d30e40e37a5872be57aa [stream]
[debug] [2021-06-03T10:41:08.194Z] [uploadQueue] Retrying task a53022654b51b8dbb0b61080688758b841ea72ff9116310e7ec09dd35b9292ff
[debug] [2021-06-03T10:41:08.194Z] >>> [apiv2][query] POST https://upload-firebasehosting.googleapis.com/upload/sites/covid-19-cases-vaccine-tracker/versions/ebbee5e3db533c72/files/a53022654b51b8dbb0b61080688758b841ea72ff9116310e7ec09dd35b9292ff [none]
[debug] [2021-06-03T10:41:08.194Z] >>> [apiv2][body] POST https://upload-firebasehosting.googleapis.com/upload/sites/covid-19-cases-vaccine-tracker/versions/ebbee5e3db533c72/files/a53022654b51b8dbb0b61080688758b841ea72ff9116310e7ec09dd35b9292ff [stream]
[debug] [2021-06-03T10:41:08.194Z] [uploadQueue] Retrying task c399aa9799b7621a3219296cca7704b3907bc835030d39df934a52e508b1edfe
[debug] [2021-06-03T10:41:08.195Z] >>> [apiv2][query] POST https://upload-firebasehosting.googleapis.com/upload/sites/covid-19-cases-vaccine-tracker/versions/ebbee5e3db533c72/files/c399aa9799b7621a3219296cca7704b3907bc835030d39df934a52e508b1edfe [none]
[debug] [2021-06-03T10:41:08.195Z] >>> [apiv2][body] POST https://upload-firebasehosting.googleapis.com/upload/sites/covid-19-cases-vaccine-tracker/versions/ebbee5e3db533c72/files/c399aa9799b7621a3219296cca7704b3907bc835030d39df934a52e508b1edfe [stream]
[debug] [2021-06-03T10:41:08.195Z] [uploadQueue] Retrying task eae62e993eb980ec8a25058c39d5a51feab118bd2100c4deebb2a9c158ec11f9
[debug] [2021-06-03T10:41:08.195Z] >>> [apiv2][query] POST https://upload-firebasehosting.googleapis.com/upload/sites/covid-19-cases-vaccine-tracker/versions/ebbee5e3db533c72/files/eae62e993eb980ec8a25058c39d5a51feab118bd2100c4deebb2a9c158ec11f9 [none]
[debug] [2021-06-03T10:41:08.195Z] >>> [apiv2][body] POST https://upload-firebasehosting.googleapis.com/upload/sites/covid-19-cases-vaccine-tracker/versions/ebbee5e3db533c72/files/eae62e993eb980ec8a25058c39d5a51feab118bd2100c4deebb2a9c158ec11f9 [stream]
[debug] [2021-06-03T10:41:08.196Z] [uploadQueue] Retrying task 92de0ba10898d6a354746ee89856ce5de99cd447c8c35b1b722af8d83476e2cd
[debug] [2021-06-03T10:41:08.196Z] >>> [apiv2][query] POST https://upload-firebasehosting.googleapis.com/upload/sites/covid-19-cases-vaccine-tracker/versions/ebbee5e3db533c72/files/92de0ba10898d6a354746ee89856ce5de99cd447c8c35b1b722af8d83476e2cd [none]
[debug] [2021-06-03T10:41:08.196Z] >>> [apiv2][body] POST https://upload-firebasehosting.googleapis.com/upload/sites/covid-19-cases-vaccine-tracker/versions/ebbee5e3db533c72/files/92de0ba10898d6a354746ee89856ce5de99cd447c8c35b1b722af8d83476e2cd [stream]
[debug] [2021-06-03T10:41:08.196Z] [uploadQueue] Retrying task a999795a240c8fd345ff176d3b5b57b023159b9903c24b82147571b5699cbb4a
[debug] [2021-06-03T10:41:08.196Z] >>> [apiv2][query] POST https://upload-firebasehosting.googleapis.com/upload/sites/covid-19-cases-vaccine-tracker/versions/ebbee5e3db533c72/files/a999795a240c8fd345ff176d3b5b57b023159b9903c24b82147571b5699cbb4a [none]
[debug] [2021-06-03T10:41:08.196Z] >>> [apiv2][body] POST https://upload-firebasehosting.googleapis.com/upload/sites/covid-19-cases-vaccine-tracker/versions/ebbee5e3db533c72/files/a999795a240c8fd345ff176d3b5b57b023159b9903c24b82147571b5699cbb4a [stream]
[debug] [2021-06-03T10:41:08.197Z] [uploadQueue] Retrying task abc6adebcd5973d9c115ad6e911da61f84ff0f81a681a4cbb3c23f9e9e6c613e
[debug] [2021-06-03T10:41:08.197Z] >>> [apiv2][query] POST https://upload-firebasehosting.googleapis.com/upload/sites/covid-19-cases-vaccine-tracker/versions/ebbee5e3db533c72/files/abc6adebcd5973d9c115ad6e911da61f84ff0f81a681a4cbb3c23f9e9e6c613e [none]
[debug] [2021-06-03T10:41:08.197Z] >>> [apiv2][body] POST https://upload-firebasehosting.googleapis.com/upload/sites/covid-19-cases-vaccine-tracker/versions/ebbee5e3db533c72/files/abc6adebcd5973d9c115ad6e911da61f84ff0f81a681a4cbb3c23f9e9e6c613e [stream]
[debug] [2021-06-03T10:41:08.197Z] [uploadQueue] Retrying task 8768835084309976b960287ff9d98d777c90dfea6a6ae76edfd98c2e27a5ae38
[debug] [2021-06-03T10:41:08.198Z] >>> [apiv2][query] POST https://upload-firebasehosting.googleapis.com/upload/sites/covid-19-cases-vaccine-tracker/versions/ebbee5e3db533c72/files/8768835084309976b960287ff9d98d777c90dfea6a6ae76edfd98c2e27a5ae38 [none]
[debug] [2021-06-03T10:41:08.198Z] >>> [apiv2][body] POST https://upload-firebasehosting.googleapis.com/upload/sites/covid-19-cases-vaccine-tracker/versions/ebbee5e3db533c72/files/8768835084309976b960287ff9d98d777c90dfea6a6ae76edfd98c2e27a5ae38 [stream]
[debug] [2021-06-03T10:41:08.198Z] [uploadQueue] Retrying task f62b14e7044f5597afbb8a6b5624e3222c38158def7d6a860369f0068896f154
[debug] [2021-06-03T10:41:08.198Z] >>> [apiv2][query] POST https://upload-firebasehosting.googleapis.com/upload/sites/covid-19-cases-vaccine-tracker/versions/ebbee5e3db533c72/files/f62b14e7044f5597afbb8a6b5624e3222c38158def7d6a860369f0068896f154 [none]
[debug] [2021-06-03T10:41:08.198Z] >>> [apiv2][body] POST https://upload-firebasehosting.googleapis.com/upload/sites/covid-19-cases-vaccine-tracker/versions/ebbee5e3db533c72/files/f62b14e7044f5597afbb8a6b5624e3222c38158def7d6a860369f0068896f154 [stream]
[debug] [2021-06-03T10:41:08.199Z] [uploadQueue] Retrying task 5914ca0c61695768ba61c87d5a80395d37e98b4d33951cba400e0ec4ec0dceab
[debug] [2021-06-03T10:41:08.199Z] >>> [apiv2][query] POST https://upload-firebasehosting.googleapis.com/upload/sites/covid-19-cases-vaccine-tracker/versions/ebbee5e3db533c72/files/5914ca0c61695768ba61c87d5a80395d37e98b4d33951cba400e0ec4ec0dceab [none]
[debug] [2021-06-03T10:41:08.199Z] >>> [apiv2][body] POST https://upload-firebasehosting.googleapis.com/upload/sites/covid-19-cases-vaccine-tracker/versions/ebbee5e3db533c72/files/5914ca0c61695768ba61c87d5a80395d37e98b4d33951cba400e0ec4ec0dceab [stream]
[debug] [2021-06-03T10:41:30.854Z] [uploadQueue] Retrying task 8af7aa2d2fc55b6c86fe2685442469598898f9ae2b065866140080258ff72267
[debug] [2021-06-03T10:41:30.855Z] >>> [apiv2][query] POST https://upload-firebasehosting.googleapis.com/upload/sites/covid-19-cases-vaccine-tracker/versions/ebbee5e3db533c72/files/8af7aa2d2fc55b6c86fe2685442469598898f9ae2b065866140080258ff72267 [none]
[debug] [2021-06-03T10:41:30.855Z] >>> [apiv2][body] POST https://upload-firebasehosting.googleapis.com/upload/sites/covid-19-cases-vaccine-tracker/versions/ebbee5e3db533c72/files/8af7aa2d2fc55b6c86fe2685442469598898f9ae2b065866140080258ff72267 [stream]
[debug] [2021-06-03T10:41:30.857Z] [uploadQueue] Retrying task bfe106a3fb878dc83461c86818bf74fc1bdc7f28538ba613cd3e775516ce8b49
[debug] [2021-06-03T10:41:30.857Z] >>> [apiv2][query] POST https://upload-firebasehosting.googleapis.com/upload/sites/covid-19-cases-vaccine-tracker/versions/ebbee5e3db533c72/files/bfe106a3fb878dc83461c86818bf74fc1bdc7f28538ba613cd3e775516ce8b49 [none]
[debug] [2021-06-03T10:41:30.857Z] >>> [apiv2][body] POST https://upload-firebasehosting.googleapis.com/upload/sites/covid-19-cases-vaccine-tracker/versions/ebbee5e3db533c72/files/bfe106a3fb878dc83461c86818bf74fc1bdc7f28538ba613cd3e775516ce8b49 [stream]
[debug] [2021-06-03T10:41:30.858Z] [uploadQueue] Retrying task 0677118a9cbfeb59874edeab32a5b9db741e8d2d918c472d6b4b08abd27c4e5a
[debug] [2021-06-03T10:41:30.858Z] >>> [apiv2][query] POST https://upload-firebasehosting.googleapis.com/upload/sites/covid-19-cases-vaccine-tracker/versions/ebbee5e3db533c72/files/0677118a9cbfeb59874edeab32a5b9db741e8d2d918c472d6b4b08abd27c4e5a [none]
[debug] [2021-06-03T10:41:30.858Z] >>> [apiv2][body] POST https://upload-firebasehosting.googleapis.com/upload/sites/covid-19-cases-vaccine-tracker/versions/ebbee5e3db533c72/files/0677118a9cbfeb59874edeab32a5b9db741e8d2d918c472d6b4b08abd27c4e5a [stream]
[debug] [2021-06-03T10:41:30.858Z] [uploadQueue] Retrying task ee7e2f3fdb8209c4b6fd7bef6ba50d1b9dba30a25bb5c3126df057e1cb6f5331
[debug] [2021-06-03T10:41:30.859Z] >>> [apiv2][query] POST https://upload-firebasehosting.googleapis.com/upload/sites/covid-19-cases-vaccine-tracker/versions/ebbee5e3db533c72/files/ee7e2f3fdb8209c4b6fd7bef6ba50d1b9dba30a25bb5c3126df057e1cb6f5331 [none]
[debug] [2021-06-03T10:41:30.859Z] >>> [apiv2][body] POST https://upload-firebasehosting.googleapis.com/upload/sites/covid-19-cases-vaccine-tracker/versions/ebbee5e3db533c72/files/ee7e2f3fdb8209c4b6fd7bef6ba50d1b9dba30a25bb5c3126df057e1cb6f5331 [stream]
[debug] [2021-06-03T10:41:30.859Z] [uploadQueue] Retrying task 905a0c6f129f72c09f8d865b392887d4d78c79ddaebafaf96725d488696c4bf8
[debug] [2021-06-03T10:41:30.859Z] >>> [apiv2][query] POST https://upload-firebasehosting.googleapis.com/upload/sites/covid-19-cases-vaccine-tracker/versions/ebbee5e3db533c72/files/905a0c6f129f72c09f8d865b392887d4d78c79ddaebafaf96725d488696c4bf8 [none]
[debug] [2021-06-03T10:41:30.859Z] >>> [apiv2][body] POST https://upload-firebasehosting.googleapis.com/upload/sites/covid-19-cases-vaccine-tracker/versions/ebbee5e3db533c72/files/905a0c6f129f72c09f8d865b392887d4d78c79ddaebafaf96725d488696c4bf8 [stream]
[debug] [2021-06-03T10:41:30.860Z] [uploadQueue] Retrying task 3ee59515172ee198f3be375979df15ac5345183e656720a381b8872b2a39dc8b
[debug] [2021-06-03T10:41:30.860Z] >>> [apiv2][query] POST https://upload-firebasehosting.googleapis.com/upload/sites/covid-19-cases-vaccine-tracker/versions/ebbee5e3db533c72/files/3ee59515172ee198f3be375979df15ac5345183e656720a381b8872b2a39dc8b [none]
[debug] [2021-06-03T10:41:30.860Z] >>> [apiv2][body] POST https://upload-firebasehosting.googleapis.com/upload/sites/covid-19-cases-vaccine-tracker/versions/ebbee5e3db533c72/files/3ee59515172ee198f3be375979df15ac5345183e656720a381b8872b2a39dc8b [stream]
[debug] [2021-06-03T10:41:30.860Z] [uploadQueue] Retrying task aff3449bdc238776f5d6d967f19ec491b36aed5fb7f23ccff6500736fd58494a
[debug] [2021-06-03T10:41:30.860Z] >>> [apiv2][query] POST https://upload-firebasehosting.googleapis.com/upload/sites/covid-19-cases-vaccine-tracker/versions/ebbee5e3db533c72/files/aff3449bdc238776f5d6d967f19ec491b36aed5fb7f23ccff6500736fd58494a [none]
[debug] [2021-06-03T10:41:30.860Z] >>> [apiv2][body] POST https://upload-firebasehosting.googleapis.com/upload/sites/covid-19-cases-vaccine-tracker/versions/ebbee5e3db533c72/files/aff3449bdc238776f5d6d967f19ec491b36aed5fb7f23ccff6500736fd58494a [stream]
[debug] [2021-06-03T10:41:30.861Z] [uploadQueue] Retrying task 80dcee6f368803146e1ddb48d016b098be88ee8226fb2efb50f1d9edad5d9acf
[debug] [2021-06-03T10:41:30.861Z] >>> [apiv2][query] POST https://upload-firebasehosting.googleapis.com/upload/sites/covid-19-cases-vaccine-tracker/versions/ebbee5e3db533c72/files/80dcee6f368803146e1ddb48d016b098be88ee8226fb2efb50f1d9edad5d9acf [none]
[debug] [2021-06-03T10:41:30.861Z] >>> [apiv2][body] POST https://upload-firebasehosting.googleapis.com/upload/sites/covid-19-cases-vaccine-tracker/versions/ebbee5e3db533c72/files/80dcee6f368803146e1ddb48d016b098be88ee8226fb2efb50f1d9edad5d9acf [stream]
[debug] [2021-06-03T10:41:30.861Z] [uploadQueue] Retrying task 15a492e0d49682c9b9a7cabf81b425ce3ee096d51c9b5deb891b305d97a0d506
[debug] [2021-06-03T10:41:30.862Z] >>> [apiv2][query] POST https://upload-firebasehosting.googleapis.com/upload/sites/covid-19-cases-vaccine-tracker/versions/ebbee5e3db533c72/files/15a492e0d49682c9b9a7cabf81b425ce3ee096d51c9b5deb891b305d97a0d506 [none]
[debug] [2021-06-03T10:41:30.862Z] >>> [apiv2][body] POST https://upload-firebasehosting.googleapis.com/upload/sites/covid-19-cases-vaccine-tracker/versions/ebbee5e3db533c72/files/15a492e0d49682c9b9a7cabf81b425ce3ee096d51c9b5deb891b305d97a0d506 [stream]
[debug] [2021-06-03T10:41:30.862Z] [uploadQueue] Retrying task 0f9e7f605c82dfe3b445af6c34537fa5efab40134d72a38ac87f175e2e366e35
[debug] [2021-06-03T10:41:30.864Z] >>> [apiv2][query] POST https://upload-firebasehosting.googleapis.com/upload/sites/covid-19-cases-vaccine-tracker/versions/ebbee5e3db533c72/files/0f9e7f605c82dfe3b445af6c34537fa5efab40134d72a38ac87f175e2e366e35 [none]
[debug] [2021-06-03T10:41:30.864Z] >>> [apiv2][body] POST https://upload-firebasehosting.googleapis.com/upload/sites/covid-19-cases-vaccine-tracker/versions/ebbee5e3db533c72/files/0f9e7f605c82dfe3b445af6c34537fa5efab40134d72a38ac87f175e2e366e35 [stream]
[debug] [2021-06-03T10:41:30.864Z] [uploadQueue] Retrying task 5386bdbd27fa43e33ad93ff1ffb30f48244743b9d60ef8f0ce56379484b5adc2
[debug] [2021-06-03T10:41:30.865Z] >>> [apiv2][query] POST https://upload-firebasehosting.googleapis.com/upload/sites/covid-19-cases-vaccine-tracker/versions/ebbee5e3db533c72/files/5386bdbd27fa43e33ad93ff1ffb30f48244743b9d60ef8f0ce56379484b5adc2 [none]
[debug] [2021-06-03T10:41:30.865Z] >>> [apiv2][body] POST https://upload-firebasehosting.googleapis.com/upload/sites/covid-19-cases-vaccine-tracker/versions/ebbee5e3db533c72/files/5386bdbd27fa43e33ad93ff1ffb30f48244743b9d60ef8f0ce56379484b5adc2 [stream]
[debug] [2021-06-03T10:41:30.865Z] [uploadQueue] Retrying task daa499dd96d8229e73235345702ba32f0793f0c8e5c0d30e40e37a5872be57aa
[debug] [2021-06-03T10:41:30.866Z] >>> [apiv2][query] POST https://upload-firebasehosting.googleapis.com/upload/sites/covid-19-cases-vaccine-tracker/versions/ebbee5e3db533c72/files/daa499dd96d8229e73235345702ba32f0793f0c8e5c0d30e40e37a5872be57aa [none]
[debug] [2021-06-03T10:41:30.866Z] >>> [apiv2][body] POST https://upload-firebasehosting.googleapis.com/upload/sites/covid-19-cases-vaccine-tracker/versions/ebbee5e3db533c72/files/daa499dd96d8229e73235345702ba32f0793f0c8e5c0d30e40e37a5872be57aa [stream]
[debug] [2021-06-03T10:41:30.866Z] [uploadQueue] Retrying task a53022654b51b8dbb0b61080688758b841ea72ff9116310e7ec09dd35b9292ff
[debug] [2021-06-03T10:41:30.867Z] >>> [apiv2][query] POST https://upload-firebasehosting.googleapis.com/upload/sites/covid-19-cases-vaccine-tracker/versions/ebbee5e3db533c72/files/a53022654b51b8dbb0b61080688758b841ea72ff9116310e7ec09dd35b9292ff [none]
[debug] [2021-06-03T10:41:30.867Z] >>> [apiv2][body] POST https://upload-firebasehosting.googleapis.com/upload/sites/covid-19-cases-vaccine-tracker/versions/ebbee5e3db533c72/files/a53022654b51b8dbb0b61080688758b841ea72ff9116310e7ec09dd35b9292ff [stream]
[debug] [2021-06-03T10:41:30.867Z] [uploadQueue] Retrying task c399aa9799b7621a3219296cca7704b3907bc835030d39df934a52e508b1edfe
[debug] [2021-06-03T10:41:30.868Z] >>> [apiv2][query] POST https://upload-firebasehosting.googleapis.com/upload/sites/covid-19-cases-vaccine-tracker/versions/ebbee5e3db533c72/files/c399aa9799b7621a3219296cca7704b3907bc835030d39df934a52e508b1edfe [none]
[debug] [2021-06-03T10:41:30.868Z] >>> [apiv2][body] POST https://upload-firebasehosting.googleapis.com/upload/sites/covid-19-cases-vaccine-tracker/versions/ebbee5e3db533c72/files/c399aa9799b7621a3219296cca7704b3907bc835030d39df934a52e508b1edfe [stream]
[debug] [2021-06-03T10:41:30.868Z] [uploadQueue] Retrying task eae62e993eb980ec8a25058c39d5a51feab118bd2100c4deebb2a9c158ec11f9
[debug] [2021-06-03T10:41:30.868Z] >>> [apiv2][query] POST https://upload-firebasehosting.googleapis.com/upload/sites/covid-19-cases-vaccine-tracker/versions/ebbee5e3db533c72/files/eae62e993eb980ec8a25058c39d5a51feab118bd2100c4deebb2a9c158ec11f9 [none]
[debug] [2021-06-03T10:41:30.868Z] >>> [apiv2][body] POST https://upload-firebasehosting.googleapis.com/upload/sites/covid-19-cases-vaccine-tracker/versions/ebbee5e3db533c72/files/eae62e993eb980ec8a25058c39d5a51feab118bd2100c4deebb2a9c158ec11f9 [stream]
[debug] [2021-06-03T10:41:30.869Z] [uploadQueue] Retrying task 92de0ba10898d6a354746ee89856ce5de99cd447c8c35b1b722af8d83476e2cd
[debug] [2021-06-03T10:41:30.870Z] >>> [apiv2][query] POST https://upload-firebasehosting.googleapis.com/upload/sites/covid-19-cases-vaccine-tracker/versions/ebbee5e3db533c72/files/92de0ba10898d6a354746ee89856ce5de99cd447c8c35b1b722af8d83476e2cd [none]
[debug] [2021-06-03T10:41:30.870Z] >>> [apiv2][body] POST https://upload-firebasehosting.googleapis.com/upload/sites/covid-19-cases-vaccine-tracker/versions/ebbee5e3db533c72/files/92de0ba10898d6a354746ee89856ce5de99cd447c8c35b1b722af8d83476e2cd [stream]
[debug] [2021-06-03T10:41:30.870Z] [uploadQueue] Retrying task a999795a240c8fd345ff176d3b5b57b023159b9903c24b82147571b5699cbb4a
[debug] [2021-06-03T10:41:30.871Z] >>> [apiv2][query] POST https://upload-firebasehosting.googleapis.com/upload/sites/covid-19-cases-vaccine-tracker/versions/ebbee5e3db533c72/files/a999795a240c8fd345ff176d3b5b57b023159b9903c24b82147571b5699cbb4a [none]
[debug] [2021-06-03T10:41:30.871Z] >>> [apiv2][body] POST https://upload-firebasehosting.googleapis.com/upload/sites/covid-19-cases-vaccine-tracker/versions/ebbee5e3db533c72/files/a999795a240c8fd345ff176d3b5b57b023159b9903c24b82147571b5699cbb4a [stream]
[debug] [2021-06-03T10:41:30.871Z] [uploadQueue] Retrying task abc6adebcd5973d9c115ad6e911da61f84ff0f81a681a4cbb3c23f9e9e6c613e
[debug] [2021-06-03T10:41:30.872Z] >>> [apiv2][query] POST https://upload-firebasehosting.googleapis.com/upload/sites/covid-19-cases-vaccine-tracker/versions/ebbee5e3db533c72/files/abc6adebcd5973d9c115ad6e911da61f84ff0f81a681a4cbb3c23f9e9e6c613e [none]
[debug] [2021-06-03T10:41:30.872Z] >>> [apiv2][body] POST https://upload-firebasehosting.googleapis.com/upload/sites/covid-19-cases-vaccine-tracker/versions/ebbee5e3db533c72/files/abc6adebcd5973d9c115ad6e911da61f84ff0f81a681a4cbb3c23f9e9e6c613e [stream]
[debug] [2021-06-03T10:41:30.872Z] [uploadQueue] Retrying task 8768835084309976b960287ff9d98d777c90dfea6a6ae76edfd98c2e27a5ae38
[debug] [2021-06-03T10:41:30.872Z] >>> [apiv2][query] POST https://upload-firebasehosting.googleapis.com/upload/sites/covid-19-cases-vaccine-tracker/versions/ebbee5e3db533c72/files/8768835084309976b960287ff9d98d777c90dfea6a6ae76edfd98c2e27a5ae38 [none]
[debug] [2021-06-03T10:41:30.873Z] >>> [apiv2][body] POST https://upload-firebasehosting.googleapis.com/upload/sites/covid-19-cases-vaccine-tracker/versions/ebbee5e3db533c72/files/8768835084309976b960287ff9d98d777c90dfea6a6ae76edfd98c2e27a5ae38 [stream]
[debug] [2021-06-03T10:41:30.873Z] [uploadQueue] Retrying task f62b14e7044f5597afbb8a6b5624e3222c38158def7d6a860369f0068896f154
[debug] [2021-06-03T10:41:30.874Z] >>> [apiv2][query] POST https://upload-firebasehosting.googleapis.com/upload/sites/covid-19-cases-vaccine-tracker/versions/ebbee5e3db533c72/files/f62b14e7044f5597afbb8a6b5624e3222c38158def7d6a860369f0068896f154 [none]
[debug] [2021-06-03T10:41:30.874Z] >>> [apiv2][body] POST https://upload-firebasehosting.googleapis.com/upload/sites/covid-19-cases-vaccine-tracker/versions/ebbee5e3db533c72/files/f62b14e7044f5597afbb8a6b5624e3222c38158def7d6a860369f0068896f154 [stream]
[debug] [2021-06-03T10:41:30.875Z] [uploadQueue] Retrying task 5914ca0c61695768ba61c87d5a80395d37e98b4d33951cba400e0ec4ec0dceab
[debug] [2021-06-03T10:41:30.875Z] >>> [apiv2][query] POST https://upload-firebasehosting.googleapis.com/upload/sites/covid-19-cases-vaccine-tracker/versions/ebbee5e3db533c72/files/5914ca0c61695768ba61c87d5a80395d37e98b4d33951cba400e0ec4ec0dceab [none]
[debug] [2021-06-03T10:41:30.875Z] >>> [apiv2][body] POST https://upload-firebasehosting.googleapis.com/upload/sites/covid-19-cases-vaccine-tracker/versions/ebbee5e3db533c72/files/5914ca0c61695768ba61c87d5a80395d37e98b4d33951cba400e0ec4ec0dceab [stream]
[debug] [2021-06-03T10:41:34.909Z] ----------------------------------------------------------------------
[debug] [2021-06-03T10:41:34.910Z] Command:       C:\Program Files\nodejs\node.exe C:\Users\Siddharth.S.Chandran\AppData\Roaming\npm\node_modules\firebase-tools\lib\bin\firebase.js deploy
[debug] [2021-06-03T10:41:34.911Z] CLI Version:   9.12.1
[debug] [2021-06-03T10:41:34.911Z] Platform:      win32
[debug] [2021-06-03T10:41:34.911Z] Node Version:  v14.16.0
[debug] [2021-06-03T10:41:34.912Z] Time:          Thu Jun 03 2021 16:11:34 GMT+0530 (India Standard Time)
[debug] [2021-06-03T10:41:34.912Z] ----------------------------------------------------------------------
[debug] 
[debug] [2021-06-03T10:41:34.919Z] > command requires scopes: ["email","openid","https://www.googleapis.com/auth/cloudplatformprojects.readonly","https://www.googleapis.com/auth/firebase","https://www.googleapis.com/auth/cloud-platform"]
[debug] [2021-06-03T10:41:34.919Z] > authorizing via signed-in user (siddharthschandran44@gmail.com)
[debug] [2021-06-03T10:41:34.919Z] [iam] checking project covid-19-cases-vaccine-tracker for permissions ["firebase.projects.get","firebasehosting.sites.update"]
[debug] [2021-06-03T10:41:34.921Z] > refreshing access token with scopes: ["email","https://www.googleapis.com/auth/cloud-platform","https://www.googleapis.com/auth/cloudplatformprojects.readonly","https://www.googleapis.com/auth/firebase","openid"]
[debug] [2021-06-03T10:41:34.921Z] >>> HTTP REQUEST POST https://www.googleapis.com/oauth2/v3/token  
 <request body omitted>
[debug] [2021-06-03T10:41:35.052Z] <<< HTTP RESPONSE 200 {"date":"Thu, 03 Jun 2021 10:41:36 GMT","cache-control":"no-cache, no-store, max-age=0, must-revalidate","pragma":"no-cache","expires":"Mon, 01 Jan 1990 00:00:00 GMT","content-type":"application/json; charset=utf-8","vary":"X-Origin, Referer, Origin,Accept-Encoding","server":"scaffolding on HTTPServer2","x-xss-protection":"0","x-frame-options":"SAMEORIGIN","x-content-type-options":"nosniff","alt-svc":"h3-29=\":443\"; ma=2592000,h3-T051=\":443\"; ma=2592000,h3-Q050=\":443\"; ma=2592000,h3-Q046=\":443\"; ma=2592000,h3-Q043=\":443\"; ma=2592000,quic=\":443\"; ma=2592000; v=\"46,43\"","accept-ranges":"none","transfer-encoding":"chunked"}
[debug] [2021-06-03T10:41:35.067Z] >>> HTTP REQUEST POST https://cloudresourcemanager.googleapis.com/v1/projects/covid-19-cases-vaccine-tracker:testIamPermissions  
 {"permissions":["firebase.projects.get","firebasehosting.sites.update"]}
[debug] [2021-06-03T10:41:36.281Z] <<< HTTP RESPONSE 200 {"content-type":"application/json; charset=UTF-8","vary":"X-Origin, Referer, Origin,Accept-Encoding","date":"Thu, 03 Jun 2021 10:41:38 GMT","server":"ESF","cache-control":"private","x-xss-protection":"0","x-frame-options":"SAMEORIGIN","x-content-type-options":"nosniff","server-timing":"gfet4t7; dur=1152","alt-svc":"h3-29=\":443\"; ma=2592000,h3-T051=\":443\"; ma=2592000,h3-Q050=\":443\"; ma=2592000,h3-Q046=\":443\"; ma=2592000,h3-Q043=\":443\"; ma=2592000,quic=\":443\"; ma=2592000; v=\"46,43\"","accept-ranges":"none","transfer-encoding":"chunked"}
[debug] [2021-06-03T10:41:36.283Z] > refreshing access token with scopes: []
[debug] [2021-06-03T10:41:36.283Z] >>> HTTP REQUEST POST https://www.googleapis.com/oauth2/v3/token  
 <request body omitted>
[debug] [2021-06-03T10:41:36.433Z] <<< HTTP RESPONSE 200 {"expires":"Mon, 01 Jan 1990 00:00:00 GMT","pragma":"no-cache","date":"Thu, 03 Jun 2021 10:41:38 GMT","cache-control":"no-cache, no-store, max-age=0, must-revalidate","content-type":"application/json; charset=utf-8","vary":"X-Origin, Referer, Origin,Accept-Encoding","server":"scaffolding on HTTPServer2","x-xss-protection":"0","x-frame-options":"SAMEORIGIN","x-content-type-options":"nosniff","alt-svc":"h3-29=\":443\"; ma=2592000,h3-T051=\":443\"; ma=2592000,h3-Q050=\":443\"; ma=2592000,h3-Q046=\":443\"; ma=2592000,h3-Q043=\":443\"; ma=2592000,quic=\":443\"; ma=2592000; v=\"46,43\"","accept-ranges":"none","transfer-encoding":"chunked"}
[debug] [2021-06-03T10:41:36.451Z] >>> [apiv2][query] GET https://firebase.googleapis.com/v1beta1/projects/covid-19-cases-vaccine-tracker [none]
[debug] [2021-06-03T10:41:36.919Z] <<< [apiv2][status] GET https://firebase.googleapis.com/v1beta1/projects/covid-19-cases-vaccine-tracker 200
[debug] [2021-06-03T10:41:36.919Z] <<< [apiv2][body] GET https://firebase.googleapis.com/v1beta1/projects/covid-19-cases-vaccine-tracker {"projectId":"covid-19-cases-vaccine-tracker","projectNumber":"654270362679","displayName":"covid-19-cases-vaccine-tracker","name":"projects/covid-19-cases-vaccine-tracker","resources":{"hostingSite":"covid-19-cases-vaccine-tracker"},"state":"ACTIVE"}
[info] 
[info] === Deploying to 'covid-19-cases-vaccine-tracker'...
[info] 
[info] i  deploying hosting 
[debug] [2021-06-03T10:41:36.925Z] > refreshing access token with scopes: ["email","https://www.googleapis.com/auth/cloud-platform","https://www.googleapis.com/auth/cloudplatformprojects.readonly","https://www.googleapis.com/auth/firebase","openid"]
[debug] [2021-06-03T10:41:36.925Z] >>> HTTP REQUEST POST https://www.googleapis.com/oauth2/v3/token  
 <request body omitted>
[debug] [2021-06-03T10:41:37.080Z] <<< HTTP RESPONSE 200 {"cache-control":"no-cache, no-store, max-age=0, must-revalidate","expires":"Mon, 01 Jan 1990 00:00:00 GMT","pragma":"no-cache","date":"Thu, 03 Jun 2021 10:41:38 GMT","content-type":"application/json; charset=utf-8","vary":"X-Origin, Referer, Origin,Accept-Encoding","server":"scaffolding on HTTPServer2","x-xss-protection":"0","x-frame-options":"SAMEORIGIN","x-content-type-options":"nosniff","alt-svc":"h3-29=\":443\"; ma=2592000,h3-T051=\":443\"; ma=2592000,h3-Q050=\":443\"; ma=2592000,h3-Q046=\":443\"; ma=2592000,h3-Q043=\":443\"; ma=2592000,quic=\":443\"; ma=2592000; v=\"46,43\"","accept-ranges":"none","transfer-encoding":"chunked"}
[debug] [2021-06-03T10:41:37.095Z] >>> HTTP REQUEST POST https://firebasehosting.googleapis.com/v1beta1/sites/covid-19-cases-vaccine-tracker/versions  
 {"config":{"rewrites":[{"glob":"**","path":"/index.html"}]},"labels":{"deployment-tool":"cli-firebase"}}
[debug] [2021-06-03T10:41:38.909Z] <<< HTTP RESPONSE 200 {"content-type":"application/json; charset=UTF-8","vary":"X-Origin, Referer, Origin,Accept-Encoding","date":"Thu, 03 Jun 2021 10:41:40 GMT","server":"ESF","cache-control":"private","x-xss-protection":"0","x-frame-options":"SAMEORIGIN","x-content-type-options":"nosniff","alt-svc":"h3-29=\":443\"; ma=2592000,h3-T051=\":443\"; ma=2592000,h3-Q050=\":443\"; ma=2592000,h3-Q046=\":443\"; ma=2592000,h3-Q043=\":443\"; ma=2592000,quic=\":443\"; ma=2592000; v=\"46,43\"","accept-ranges":"none","transfer-encoding":"chunked"}
[info] i  hosting[covid-19-cases-vaccine-tracker]: beginning deploy... 
[info] i  hosting[covid-19-cases-vaccine-tracker]: found 21 files in build 
[debug] [2021-06-03T10:41:38.930Z] > refreshing access token with scopes: []
[debug] [2021-06-03T10:41:38.930Z] >>> HTTP REQUEST POST https://www.googleapis.com/oauth2/v3/token  
 <request body omitted>
[debug] [2021-06-03T10:41:38.932Z] [hosting] hash cache [YnVpbGQ] stored for 21 files
[debug] [2021-06-03T10:41:38.933Z] [hosting][hash queue][FINAL] {"max":1,"min":0,"avg":0,"active":0,"complete":21,"success":21,"errored":0,"retried":0,"total":21,"elapsed":5}
[debug] [2021-06-03T10:41:39.098Z] <<< HTTP RESPONSE 200 {"date":"Thu, 03 Jun 2021 10:41:40 GMT","cache-control":"no-cache, no-store, max-age=0, must-revalidate","expires":"Mon, 01 Jan 1990 00:00:00 GMT","pragma":"no-cache","content-type":"application/json; charset=utf-8","vary":"X-Origin, Referer, Origin,Accept-Encoding","server":"scaffolding on HTTPServer2","x-xss-protection":"0","x-frame-options":"SAMEORIGIN","x-content-type-options":"nosniff","alt-svc":"h3-29=\":443\"; ma=2592000,h3-T051=\":443\"; ma=2592000,h3-Q050=\":443\"; ma=2592000,h3-Q046=\":443\"; ma=2592000,h3-Q043=\":443\"; ma=2592000,quic=\":443\"; ma=2592000; v=\"46,43\"","accept-ranges":"none","transfer-encoding":"chunked"}
[debug] [2021-06-03T10:41:39.116Z] >>> [apiv2][query] POST https://firebasehosting.googleapis.com/v1beta1/sites/covid-19-cases-vaccine-tracker/versions/1e1c2852a65afc5f:populateFiles [none]
[debug] [2021-06-03T10:41:39.116Z] >>> [apiv2][body] POST https://firebasehosting.googleapis.com/v1beta1/sites/covid-19-cases-vaccine-tracker/versions/1e1c2852a65afc5f:populateFiles {"files":{"/404.html":"daa499dd96d8229e73235345702ba32f0793f0c8e5c0d30e40e37a5872be57aa","/asset-manifest.json":"80dcee6f368803146e1ddb48d016b098be88ee8226fb2efb50f1d9edad5d9acf","/favicon.ico":"eae62e993eb980ec8a25058c39d5a51feab118bd2100c4deebb2a9c158ec11f9","/index.html":"abc6adebcd5973d9c115ad6e911da61f84ff0f81a681a4cbb3c23f9e9e6c613e","/logo192.png":"3ee59515172ee198f3be375979df15ac5345183e656720a381b8872b2a39dc8b","/logo512.png":"ee7e2f3fdb8209c4b6fd7bef6ba50d1b9dba30a25bb5c3126df057e1cb6f5331","/manifest.json":"aff3449bdc238776f5d6d967f19ec491b36aed5fb7f23ccff6500736fd58494a","/robots.txt":"bfe106a3fb878dc83461c86818bf74fc1bdc7f28538ba613cd3e775516ce8b49","/static/css/main.3575fec9.chunk.css":"905a0c6f129f72c09f8d865b392887d4d78c79ddaebafaf96725d488696c4bf8","/static/css/main.3575fec9.chunk.css.map":"0677118a9cbfeb59874edeab32a5b9db741e8d2d918c472d6b4b08abd27c4e5a","/static/js/2.3f85001a.chunk.js":"5386bdbd27fa43e33ad93ff1ffb30f48244743b9d60ef8f0ce56379484b5adc2","/static/js/2.3f85001a.chunk.js.LICENSE.txt":"8af7aa2d2fc55b6c86fe2685442469598898f9ae2b065866140080258ff72267","/static/js/2.3f85001a.chunk.js.map":"15a492e0d49682c9b9a7cabf81b425ce3ee096d51c9b5deb891b305d97a0d506","/static/js/3.d378d4bd.chunk.js":"c399aa9799b7621a3219296cca7704b3907bc835030d39df934a52e508b1edfe","/static/js/3.d378d4bd.chunk.js.map":"f62b14e7044f5597afbb8a6b5624e3222c38158def7d6a860369f0068896f154","/static/js/main.bec7ed2b.chunk.js":"8768835084309976b960287ff9d98d777c90dfea6a6ae76edfd98c2e27a5ae38","/static/js/main.bec7ed2b.chunk.js.map":"a999795a240c8fd345ff176d3b5b57b023159b9903c24b82147571b5699cbb4a","/static/js/runtime-main.5e01b481.js":"5914ca0c61695768ba61c87d5a80395d37e98b4d33951cba400e0ec4ec0dceab","/static/js/runtime-main.5e01b481.js.map":"92de0ba10898d6a354746ee89856ce5de99cd447c8c35b1b722af8d83476e2cd","/static/media/img1.560e63b4.svg":"a53022654b51b8dbb0b61080688758b841ea72ff9116310e7ec09dd35b9292ff","/static/media/pic2.b5735b48.svg":"0f9e7f605c82dfe3b445af6c34537fa5efab40134d72a38ac87f175e2e366e35"}}
[debug] [2021-06-03T10:41:40.604Z] <<< [apiv2][status] POST https://firebasehosting.googleapis.com/v1beta1/sites/covid-19-cases-vaccine-tracker/versions/1e1c2852a65afc5f:populateFiles 200
[debug] [2021-06-03T10:41:40.604Z] <<< [apiv2][body] POST https://firebasehosting.googleapis.com/v1beta1/sites/covid-19-cases-vaccine-tracker/versions/1e1c2852a65afc5f:populateFiles {"uploadRequiredHashes":["3ee59515172ee198f3be375979df15ac5345183e656720a381b8872b2a39dc8b","bfe106a3fb878dc83461c86818bf74fc1bdc7f28538ba613cd3e775516ce8b49","15a492e0d49682c9b9a7cabf81b425ce3ee096d51c9b5deb891b305d97a0d506","80dcee6f368803146e1ddb48d016b098be88ee8226fb2efb50f1d9edad5d9acf","8768835084309976b960287ff9d98d777c90dfea6a6ae76edfd98c2e27a5ae38","c399aa9799b7621a3219296cca7704b3907bc835030d39df934a52e508b1edfe","aff3449bdc238776f5d6d967f19ec491b36aed5fb7f23ccff6500736fd58494a","f62b14e7044f5597afbb8a6b5624e3222c38158def7d6a860369f0068896f154","abc6adebcd5973d9c115ad6e911da61f84ff0f81a681a4cbb3c23f9e9e6c613e","ee7e2f3fdb8209c4b6fd7bef6ba50d1b9dba30a25bb5c3126df057e1cb6f5331","92de0ba10898d6a354746ee89856ce5de99cd447c8c35b1b722af8d83476e2cd","a53022654b51b8dbb0b61080688758b841ea72ff9116310e7ec09dd35b9292ff","0f9e7f605c82dfe3b445af6c34537fa5efab40134d72a38ac87f175e2e366e35","eae62e993eb980ec8a25058c39d5a51feab118bd2100c4deebb2a9c158ec11f9","8af7aa2d2fc55b6c86fe2685442469598898f9ae2b065866140080258ff72267","a999795a240c8fd345ff176d3b5b57b023159b9903c24b82147571b5699cbb4a","5914ca0c61695768ba61c87d5a80395d37e98b4d33951cba400e0ec4ec0dceab","5386bdbd27fa43e33ad93ff1ffb30f48244743b9d60ef8f0ce56379484b5adc2","daa499dd96d8229e73235345702ba32f0793f0c8e5c0d30e40e37a5872be57aa","905a0c6f129f72c09f8d865b392887d4d78c79ddaebafaf96725d488696c4bf8","0677118a9cbfeb59874edeab32a5b9db741e8d2d918c472d6b4b08abd27c4e5a"],"uploadUrl":"https://upload-firebasehosting.googleapis.com/upload/sites/covid-19-cases-vaccine-tracker/versions/1e1c2852a65afc5f/files"}
[debug] [2021-06-03T10:41:40.616Z] >>> [apiv2][query] POST https://upload-firebasehosting.googleapis.com/upload/sites/covid-19-cases-vaccine-tracker/versions/1e1c2852a65afc5f/files/3ee59515172ee198f3be375979df15ac5345183e656720a381b8872b2a39dc8b [none]
[debug] [2021-06-03T10:41:40.616Z] >>> [apiv2][body] POST https://upload-firebasehosting.googleapis.com/upload/sites/covid-19-cases-vaccine-tracker/versions/1e1c2852a65afc5f/files/3ee59515172ee198f3be375979df15ac5345183e656720a381b8872b2a39dc8b [stream]
[debug] [2021-06-03T10:41:40.617Z] >>> [apiv2][query] POST https://upload-firebasehosting.googleapis.com/upload/sites/covid-19-cases-vaccine-tracker/versions/1e1c2852a65afc5f/files/bfe106a3fb878dc83461c86818bf74fc1bdc7f28538ba613cd3e775516ce8b49 [none]
[debug] [2021-06-03T10:41:40.617Z] >>> [apiv2][body] POST https://upload-firebasehosting.googleapis.com/upload/sites/covid-19-cases-vaccine-tracker/versions/1e1c2852a65afc5f/files/bfe106a3fb878dc83461c86818bf74fc1bdc7f28538ba613cd3e775516ce8b49 [stream]
[debug] [2021-06-03T10:41:40.618Z] >>> [apiv2][query] POST https://upload-firebasehosting.googleapis.com/upload/sites/covid-19-cases-vaccine-tracker/versions/1e1c2852a65afc5f/files/15a492e0d49682c9b9a7cabf81b425ce3ee096d51c9b5deb891b305d97a0d506 [none]
[debug] [2021-06-03T10:41:40.618Z] >>> [apiv2][body] POST https://upload-firebasehosting.googleapis.com/upload/sites/covid-19-cases-vaccine-tracker/versions/1e1c2852a65afc5f/files/15a492e0d49682c9b9a7cabf81b425ce3ee096d51c9b5deb891b305d97a0d506 [stream]
[debug] [2021-06-03T10:41:40.619Z] >>> [apiv2][query] POST https://upload-firebasehosting.googleapis.com/upload/sites/covid-19-cases-vaccine-tracker/versions/1e1c2852a65afc5f/files/80dcee6f368803146e1ddb48d016b098be88ee8226fb2efb50f1d9edad5d9acf [none]
[debug] [2021-06-03T10:41:40.619Z] >>> [apiv2][body] POST https://upload-firebasehosting.googleapis.com/upload/sites/covid-19-cases-vaccine-tracker/versions/1e1c2852a65afc5f/files/80dcee6f368803146e1ddb48d016b098be88ee8226fb2efb50f1d9edad5d9acf [stream]
[debug] [2021-06-03T10:41:40.619Z] >>> [apiv2][query] POST https://upload-firebasehosting.googleapis.com/upload/sites/covid-19-cases-vaccine-tracker/versions/1e1c2852a65afc5f/files/8768835084309976b960287ff9d98d777c90dfea6a6ae76edfd98c2e27a5ae38 [none]
[debug] [2021-06-03T10:41:40.619Z] >>> [apiv2][body] POST https://upload-firebasehosting.googleapis.com/upload/sites/covid-19-cases-vaccine-tracker/versions/1e1c2852a65afc5f/files/8768835084309976b960287ff9d98d777c90dfea6a6ae76edfd98c2e27a5ae38 [stream]
[debug] [2021-06-03T10:41:40.620Z] >>> [apiv2][query] POST https://upload-firebasehosting.googleapis.com/upload/sites/covid-19-cases-vaccine-tracker/versions/1e1c2852a65afc5f/files/c399aa9799b7621a3219296cca7704b3907bc835030d39df934a52e508b1edfe [none]
[debug] [2021-06-03T10:41:40.620Z] >>> [apiv2][body] POST https://upload-firebasehosting.googleapis.com/upload/sites/covid-19-cases-vaccine-tracker/versions/1e1c2852a65afc5f/files/c399aa9799b7621a3219296cca7704b3907bc835030d39df934a52e508b1edfe [stream]
[debug] [2021-06-03T10:41:40.620Z] >>> [apiv2][query] POST https://upload-firebasehosting.googleapis.com/upload/sites/covid-19-cases-vaccine-tracker/versions/1e1c2852a65afc5f/files/aff3449bdc238776f5d6d967f19ec491b36aed5fb7f23ccff6500736fd58494a [none]
[debug] [2021-06-03T10:41:40.620Z] >>> [apiv2][body] POST https://upload-firebasehosting.googleapis.com/upload/sites/covid-19-cases-vaccine-tracker/versions/1e1c2852a65afc5f/files/aff3449bdc238776f5d6d967f19ec491b36aed5fb7f23ccff6500736fd58494a [stream]
[debug] [2021-06-03T10:41:40.621Z] >>> [apiv2][query] POST https://upload-firebasehosting.googleapis.com/upload/sites/covid-19-cases-vaccine-tracker/versions/1e1c2852a65afc5f/files/f62b14e7044f5597afbb8a6b5624e3222c38158def7d6a860369f0068896f154 [none]
[debug] [2021-06-03T10:41:40.621Z] >>> [apiv2][body] POST https://upload-firebasehosting.googleapis.com/upload/sites/covid-19-cases-vaccine-tracker/versions/1e1c2852a65afc5f/files/f62b14e7044f5597afbb8a6b5624e3222c38158def7d6a860369f0068896f154 [stream]
[debug] [2021-06-03T10:41:40.621Z] >>> [apiv2][query] POST https://upload-firebasehosting.googleapis.com/upload/sites/covid-19-cases-vaccine-tracker/versions/1e1c2852a65afc5f/files/abc6adebcd5973d9c115ad6e911da61f84ff0f81a681a4cbb3c23f9e9e6c613e [none]
[debug] [2021-06-03T10:41:40.621Z] >>> [apiv2][body] POST https://upload-firebasehosting.googleapis.com/upload/sites/covid-19-cases-vaccine-tracker/versions/1e1c2852a65afc5f/files/abc6adebcd5973d9c115ad6e911da61f84ff0f81a681a4cbb3c23f9e9e6c613e [stream]
[debug] [2021-06-03T10:41:40.622Z] >>> [apiv2][query] POST https://upload-firebasehosting.googleapis.com/upload/sites/covid-19-cases-vaccine-tracker/versions/1e1c2852a65afc5f/files/ee7e2f3fdb8209c4b6fd7bef6ba50d1b9dba30a25bb5c3126df057e1cb6f5331 [none]
[debug] [2021-06-03T10:41:40.622Z] >>> [apiv2][body] POST https://upload-firebasehosting.googleapis.com/upload/sites/covid-19-cases-vaccine-tracker/versions/1e1c2852a65afc5f/files/ee7e2f3fdb8209c4b6fd7bef6ba50d1b9dba30a25bb5c3126df057e1cb6f5331 [stream]
[debug] [2021-06-03T10:41:40.622Z] >>> [apiv2][query] POST https://upload-firebasehosting.googleapis.com/upload/sites/covid-19-cases-vaccine-tracker/versions/1e1c2852a65afc5f/files/92de0ba10898d6a354746ee89856ce5de99cd447c8c35b1b722af8d83476e2cd [none]
[debug] [2021-06-03T10:41:40.622Z] >>> [apiv2][body] POST https://upload-firebasehosting.googleapis.com/upload/sites/covid-19-cases-vaccine-tracker/versions/1e1c2852a65afc5f/files/92de0ba10898d6a354746ee89856ce5de99cd447c8c35b1b722af8d83476e2cd [stream]
[debug] [2021-06-03T10:41:40.623Z] >>> [apiv2][query] POST https://upload-firebasehosting.googleapis.com/upload/sites/covid-19-cases-vaccine-tracker/versions/1e1c2852a65afc5f/files/a53022654b51b8dbb0b61080688758b841ea72ff9116310e7ec09dd35b9292ff [none]
[debug] [2021-06-03T10:41:40.623Z] >>> [apiv2][body] POST https://upload-firebasehosting.googleapis.com/upload/sites/covid-19-cases-vaccine-tracker/versions/1e1c2852a65afc5f/files/a53022654b51b8dbb0b61080688758b841ea72ff9116310e7ec09dd35b9292ff [stream]
[debug] [2021-06-03T10:41:40.623Z] >>> [apiv2][query] POST https://upload-firebasehosting.googleapis.com/upload/sites/covid-19-cases-vaccine-tracker/versions/1e1c2852a65afc5f/files/0f9e7f605c82dfe3b445af6c34537fa5efab40134d72a38ac87f175e2e366e35 [none]
[debug] [2021-06-03T10:41:40.624Z] >>> [apiv2][body] POST https://upload-firebasehosting.googleapis.com/upload/sites/covid-19-cases-vaccine-tracker/versions/1e1c2852a65afc5f/files/0f9e7f605c82dfe3b445af6c34537fa5efab40134d72a38ac87f175e2e366e35 [stream]
[debug] [2021-06-03T10:41:40.624Z] >>> [apiv2][query] POST https://upload-firebasehosting.googleapis.com/upload/sites/covid-19-cases-vaccine-tracker/versions/1e1c2852a65afc5f/files/eae62e993eb980ec8a25058c39d5a51feab118bd2100c4deebb2a9c158ec11f9 [none]
[debug] [2021-06-03T10:41:40.624Z] >>> [apiv2][body] POST https://upload-firebasehosting.googleapis.com/upload/sites/covid-19-cases-vaccine-tracker/versions/1e1c2852a65afc5f/files/eae62e993eb980ec8a25058c39d5a51feab118bd2100c4deebb2a9c158ec11f9 [stream]
[debug] [2021-06-03T10:41:40.625Z] >>> [apiv2][query] POST https://upload-firebasehosting.googleapis.com/upload/sites/covid-19-cases-vaccine-tracker/versions/1e1c2852a65afc5f/files/8af7aa2d2fc55b6c86fe2685442469598898f9ae2b065866140080258ff72267 [none]
[debug] [2021-06-03T10:41:40.625Z] >>> [apiv2][body] POST https://upload-firebasehosting.googleapis.com/upload/sites/covid-19-cases-vaccine-tracker/versions/1e1c2852a65afc5f/files/8af7aa2d2fc55b6c86fe2685442469598898f9ae2b065866140080258ff72267 [stream]
[debug] [2021-06-03T10:41:40.625Z] >>> [apiv2][query] POST https://upload-firebasehosting.googleapis.com/upload/sites/covid-19-cases-vaccine-tracker/versions/1e1c2852a65afc5f/files/a999795a240c8fd345ff176d3b5b57b023159b9903c24b82147571b5699cbb4a [none]
[debug] [2021-06-03T10:41:40.625Z] >>> [apiv2][body] POST https://upload-firebasehosting.googleapis.com/upload/sites/covid-19-cases-vaccine-tracker/versions/1e1c2852a65afc5f/files/a999795a240c8fd345ff176d3b5b57b023159b9903c24b82147571b5699cbb4a [stream]
[debug] [2021-06-03T10:41:40.626Z] >>> [apiv2][query] POST https://upload-firebasehosting.googleapis.com/upload/sites/covid-19-cases-vaccine-tracker/versions/1e1c2852a65afc5f/files/5914ca0c61695768ba61c87d5a80395d37e98b4d33951cba400e0ec4ec0dceab [none]
[debug] [2021-06-03T10:41:40.626Z] >>> [apiv2][body] POST https://upload-firebasehosting.googleapis.com/upload/sites/covid-19-cases-vaccine-tracker/versions/1e1c2852a65afc5f/files/5914ca0c61695768ba61c87d5a80395d37e98b4d33951cba400e0ec4ec0dceab [stream]
[debug] [2021-06-03T10:41:40.626Z] >>> [apiv2][query] POST https://upload-firebasehosting.googleapis.com/upload/sites/covid-19-cases-vaccine-tracker/versions/1e1c2852a65afc5f/files/5386bdbd27fa43e33ad93ff1ffb30f48244743b9d60ef8f0ce56379484b5adc2 [none]
[debug] [2021-06-03T10:41:40.626Z] >>> [apiv2][body] POST https://upload-firebasehosting.googleapis.com/upload/sites/covid-19-cases-vaccine-tracker/versions/1e1c2852a65afc5f/files/5386bdbd27fa43e33ad93ff1ffb30f48244743b9d60ef8f0ce56379484b5adc2 [stream]
[debug] [2021-06-03T10:41:40.627Z] >>> [apiv2][query] POST https://upload-firebasehosting.googleapis.com/upload/sites/covid-19-cases-vaccine-tracker/versions/1e1c2852a65afc5f/files/daa499dd96d8229e73235345702ba32f0793f0c8e5c0d30e40e37a5872be57aa [none]
[debug] [2021-06-03T10:41:40.627Z] >>> [apiv2][body] POST https://upload-firebasehosting.googleapis.com/upload/sites/covid-19-cases-vaccine-tracker/versions/1e1c2852a65afc5f/files/daa499dd96d8229e73235345702ba32f0793f0c8e5c0d30e40e37a5872be57aa [stream]
[debug] [2021-06-03T10:41:40.627Z] >>> [apiv2][query] POST https://upload-firebasehosting.googleapis.com/upload/sites/covid-19-cases-vaccine-tracker/versions/1e1c2852a65afc5f/files/905a0c6f129f72c09f8d865b392887d4d78c79ddaebafaf96725d488696c4bf8 [none]
[debug] [2021-06-03T10:41:40.627Z] >>> [apiv2][body] POST https://upload-firebasehosting.googleapis.com/upload/sites/covid-19-cases-vaccine-tracker/versions/1e1c2852a65afc5f/files/905a0c6f129f72c09f8d865b392887d4d78c79ddaebafaf96725d488696c4bf8 [stream]
[debug] [2021-06-03T10:41:40.628Z] >>> [apiv2][query] POST https://upload-firebasehosting.googleapis.com/upload/sites/covid-19-cases-vaccine-tracker/versions/1e1c2852a65afc5f/files/0677118a9cbfeb59874edeab32a5b9db741e8d2d918c472d6b4b08abd27c4e5a [none]
[debug] [2021-06-03T10:41:40.628Z] >>> [apiv2][body] POST https://upload-firebasehosting.googleapis.com/upload/sites/covid-19-cases-vaccine-tracker/versions/1e1c2852a65afc5f/files/0677118a9cbfeb59874edeab32a5b9db741e8d2d918c472d6b4b08abd27c4e5a [stream]
[debug] [2021-06-03T10:41:40.629Z] [hosting][populate queue][FINAL] {"max":1687,"min":1687,"avg":1687,"active":0,"complete":1,"success":1,"errored":0,"retried":0,"total":1,"elapsed":1700}
[debug] [2021-06-03T10:41:40.629Z] [hosting] uploads queued: 21
[debug] [2021-06-03T10:42:02.088Z] [uploadQueue] Retrying task 3ee59515172ee198f3be375979df15ac5345183e656720a381b8872b2a39dc8b
[debug] [2021-06-03T10:42:02.089Z] >>> [apiv2][query] POST https://upload-firebasehosting.googleapis.com/upload/sites/covid-19-cases-vaccine-tracker/versions/1e1c2852a65afc5f/files/3ee59515172ee198f3be375979df15ac5345183e656720a381b8872b2a39dc8b [none]
[debug] [2021-06-03T10:42:02.089Z] >>> [apiv2][body] POST https://upload-firebasehosting.googleapis.com/upload/sites/covid-19-cases-vaccine-tracker/versions/1e1c2852a65afc5f/files/3ee59515172ee198f3be375979df15ac5345183e656720a381b8872b2a39dc8b [stream]
[debug] [2021-06-03T10:42:02.090Z] [uploadQueue] Retrying task bfe106a3fb878dc83461c86818bf74fc1bdc7f28538ba613cd3e775516ce8b49
[debug] [2021-06-03T10:42:02.091Z] >>> [apiv2][query] POST https://upload-firebasehosting.googleapis.com/upload/sites/covid-19-cases-vaccine-tracker/versions/1e1c2852a65afc5f/files/bfe106a3fb878dc83461c86818bf74fc1bdc7f28538ba613cd3e775516ce8b49 [none]
[debug] [2021-06-03T10:42:02.091Z] >>> [apiv2][body] POST https://upload-firebasehosting.googleapis.com/upload/sites/covid-19-cases-vaccine-tracker/versions/1e1c2852a65afc5f/files/bfe106a3fb878dc83461c86818bf74fc1bdc7f28538ba613cd3e775516ce8b49 [stream]
[debug] [2021-06-03T10:42:02.093Z] [uploadQueue] Retrying task 15a492e0d49682c9b9a7cabf81b425ce3ee096d51c9b5deb891b305d97a0d506
[debug] [2021-06-03T10:42:02.094Z] >>> [apiv2][query] POST https://upload-firebasehosting.googleapis.com/upload/sites/covid-19-cases-vaccine-tracker/versions/1e1c2852a65afc5f/files/15a492e0d49682c9b9a7cabf81b425ce3ee096d51c9b5deb891b305d97a0d506 [none]
[debug] [2021-06-03T10:42:02.095Z] >>> [apiv2][body] POST https://upload-firebasehosting.googleapis.com/upload/sites/covid-19-cases-vaccine-tracker/versions/1e1c2852a65afc5f/files/15a492e0d49682c9b9a7cabf81b425ce3ee096d51c9b5deb891b305d97a0d506 [stream]
[debug] [2021-06-03T10:42:02.096Z] [uploadQueue] Retrying task 80dcee6f368803146e1ddb48d016b098be88ee8226fb2efb50f1d9edad5d9acf
[debug] [2021-06-03T10:42:02.097Z] >>> [apiv2][query] POST https://upload-firebasehosting.googleapis.com/upload/sites/covid-19-cases-vaccine-tracker/versions/1e1c2852a65afc5f/files/80dcee6f368803146e1ddb48d016b098be88ee8226fb2efb50f1d9edad5d9acf [none]
[debug] [2021-06-03T10:42:02.097Z] >>> [apiv2][body] POST https://upload-firebasehosting.googleapis.com/upload/sites/covid-19-cases-vaccine-tracker/versions/1e1c2852a65afc5f/files/80dcee6f368803146e1ddb48d016b098be88ee8226fb2efb50f1d9edad5d9acf [stream]
[debug] [2021-06-03T10:42:02.099Z] [uploadQueue] Retrying task 8768835084309976b960287ff9d98d777c90dfea6a6ae76edfd98c2e27a5ae38
[debug] [2021-06-03T10:42:02.099Z] >>> [apiv2][query] POST https://upload-firebasehosting.googleapis.com/upload/sites/covid-19-cases-vaccine-tracker/versions/1e1c2852a65afc5f/files/8768835084309976b960287ff9d98d777c90dfea6a6ae76edfd98c2e27a5ae38 [none]
[debug] [2021-06-03T10:42:02.100Z] >>> [apiv2][body] POST https://upload-firebasehosting.googleapis.com/upload/sites/covid-19-cases-vaccine-tracker/versions/1e1c2852a65afc5f/files/8768835084309976b960287ff9d98d777c90dfea6a6ae76edfd98c2e27a5ae38 [stream]
[debug] [2021-06-03T10:42:02.101Z] [uploadQueue] Retrying task c399aa9799b7621a3219296cca7704b3907bc835030d39df934a52e508b1edfe
[debug] [2021-06-03T10:42:02.102Z] >>> [apiv2][query] POST https://upload-firebasehosting.googleapis.com/upload/sites/covid-19-cases-vaccine-tracker/versions/1e1c2852a65afc5f/files/c399aa9799b7621a3219296cca7704b3907bc835030d39df934a52e508b1edfe [none]
[debug] [2021-06-03T10:42:02.102Z] >>> [apiv2][body] POST https://upload-firebasehosting.googleapis.com/upload/sites/covid-19-cases-vaccine-tracker/versions/1e1c2852a65afc5f/files/c399aa9799b7621a3219296cca7704b3907bc835030d39df934a52e508b1edfe [stream]
[debug] [2021-06-03T10:42:02.103Z] [uploadQueue] Retrying task aff3449bdc238776f5d6d967f19ec491b36aed5fb7f23ccff6500736fd58494a
[debug] [2021-06-03T10:42:02.105Z] >>> [apiv2][query] POST https://upload-firebasehosting.googleapis.com/upload/sites/covid-19-cases-vaccine-tracker/versions/1e1c2852a65afc5f/files/aff3449bdc238776f5d6d967f19ec491b36aed5fb7f23ccff6500736fd58494a [none]
[debug] [2021-06-03T10:42:02.106Z] >>> [apiv2][body] POST https://upload-firebasehosting.googleapis.com/upload/sites/covid-19-cases-vaccine-tracker/versions/1e1c2852a65afc5f/files/aff3449bdc238776f5d6d967f19ec491b36aed5fb7f23ccff6500736fd58494a [stream]
[debug] [2021-06-03T10:42:02.107Z] [uploadQueue] Retrying task f62b14e7044f5597afbb8a6b5624e3222c38158def7d6a860369f0068896f154
[debug] [2021-06-03T10:42:02.108Z] >>> [apiv2][query] POST https://upload-firebasehosting.googleapis.com/upload/sites/covid-19-cases-vaccine-tracker/versions/1e1c2852a65afc5f/files/f62b14e7044f5597afbb8a6b5624e3222c38158def7d6a860369f0068896f154 [none]
[debug] [2021-06-03T10:42:02.108Z] >>> [apiv2][body] POST https://upload-firebasehosting.googleapis.com/upload/sites/covid-19-cases-vaccine-tracker/versions/1e1c2852a65afc5f/files/f62b14e7044f5597afbb8a6b5624e3222c38158def7d6a860369f0068896f154 [stream]
[debug] [2021-06-03T10:42:02.109Z] [uploadQueue] Retrying task abc6adebcd5973d9c115ad6e911da61f84ff0f81a681a4cbb3c23f9e9e6c613e
[debug] [2021-06-03T10:42:02.110Z] >>> [apiv2][query] POST https://upload-firebasehosting.googleapis.com/upload/sites/covid-19-cases-vaccine-tracker/versions/1e1c2852a65afc5f/files/abc6adebcd5973d9c115ad6e911da61f84ff0f81a681a4cbb3c23f9e9e6c613e [none]
[debug] [2021-06-03T10:42:02.110Z] >>> [apiv2][body] POST https://upload-firebasehosting.googleapis.com/upload/sites/covid-19-cases-vaccine-tracker/versions/1e1c2852a65afc5f/files/abc6adebcd5973d9c115ad6e911da61f84ff0f81a681a4cbb3c23f9e9e6c613e [stream]
[debug] [2021-06-03T10:42:02.111Z] [uploadQueue] Retrying task ee7e2f3fdb8209c4b6fd7bef6ba50d1b9dba30a25bb5c3126df057e1cb6f5331
[debug] [2021-06-03T10:42:02.111Z] >>> [apiv2][query] POST https://upload-firebasehosting.googleapis.com/upload/sites/covid-19-cases-vaccine-tracker/versions/1e1c2852a65afc5f/files/ee7e2f3fdb8209c4b6fd7bef6ba50d1b9dba30a25bb5c3126df057e1cb6f5331 [none]
[debug] [2021-06-03T10:42:02.112Z] >>> [apiv2][body] POST https://upload-firebasehosting.googleapis.com/upload/sites/covid-19-cases-vaccine-tracker/versions/1e1c2852a65afc5f/files/ee7e2f3fdb8209c4b6fd7bef6ba50d1b9dba30a25bb5c3126df057e1cb6f5331 [stream]
[debug] [2021-06-03T10:42:02.113Z] [uploadQueue] Retrying task 92de0ba10898d6a354746ee89856ce5de99cd447c8c35b1b722af8d83476e2cd
[debug] [2021-06-03T10:42:02.113Z] >>> [apiv2][query] POST https://upload-firebasehosting.googleapis.com/upload/sites/covid-19-cases-vaccine-tracker/versions/1e1c2852a65afc5f/files/92de0ba10898d6a354746ee89856ce5de99cd447c8c35b1b722af8d83476e2cd [none]
[debug] [2021-06-03T10:42:02.113Z] >>> [apiv2][body] POST https://upload-firebasehosting.googleapis.com/upload/sites/covid-19-cases-vaccine-tracker/versions/1e1c2852a65afc5f/files/92de0ba10898d6a354746ee89856ce5de99cd447c8c35b1b722af8d83476e2cd [stream]
[debug] [2021-06-03T10:42:02.115Z] [uploadQueue] Retrying task a53022654b51b8dbb0b61080688758b841ea72ff9116310e7ec09dd35b9292ff
[debug] [2021-06-03T10:42:02.115Z] >>> [apiv2][query] POST https://upload-firebasehosting.googleapis.com/upload/sites/covid-19-cases-vaccine-tracker/versions/1e1c2852a65afc5f/files/a53022654b51b8dbb0b61080688758b841ea72ff9116310e7ec09dd35b9292ff [none]
[debug] [2021-06-03T10:42:02.115Z] >>> [apiv2][body] POST https://upload-firebasehosting.googleapis.com/upload/sites/covid-19-cases-vaccine-tracker/versions/1e1c2852a65afc5f/files/a53022654b51b8dbb0b61080688758b841ea72ff9116310e7ec09dd35b9292ff [stream]
[debug] [2021-06-03T10:42:02.116Z] [uploadQueue] Retrying task 0f9e7f605c82dfe3b445af6c34537fa5efab40134d72a38ac87f175e2e366e35
[debug] [2021-06-03T10:42:02.117Z] >>> [apiv2][query] POST https://upload-firebasehosting.googleapis.com/upload/sites/covid-19-cases-vaccine-tracker/versions/1e1c2852a65afc5f/files/0f9e7f605c82dfe3b445af6c34537fa5efab40134d72a38ac87f175e2e366e35 [none]
[debug] [2021-06-03T10:42:02.117Z] >>> [apiv2][body] POST https://upload-firebasehosting.googleapis.com/upload/sites/covid-19-cases-vaccine-tracker/versions/1e1c2852a65afc5f/files/0f9e7f605c82dfe3b445af6c34537fa5efab40134d72a38ac87f175e2e366e35 [stream]
[debug] [2021-06-03T10:42:02.118Z] [uploadQueue] Retrying task eae62e993eb980ec8a25058c39d5a51feab118bd2100c4deebb2a9c158ec11f9
[debug] [2021-06-03T10:42:02.119Z] >>> [apiv2][query] POST https://upload-firebasehosting.googleapis.com/upload/sites/covid-19-cases-vaccine-tracker/versions/1e1c2852a65afc5f/files/eae62e993eb980ec8a25058c39d5a51feab118bd2100c4deebb2a9c158ec11f9 [none]
[debug] [2021-06-03T10:42:02.119Z] >>> [apiv2][body] POST https://upload-firebasehosting.googleapis.com/upload/sites/covid-19-cases-vaccine-tracker/versions/1e1c2852a65afc5f/files/eae62e993eb980ec8a25058c39d5a51feab118bd2100c4deebb2a9c158ec11f9 [stream]
[debug] [2021-06-03T10:42:02.120Z] [uploadQueue] Retrying task 8af7aa2d2fc55b6c86fe2685442469598898f9ae2b065866140080258ff72267
[debug] [2021-06-03T10:42:02.120Z] >>> [apiv2][query] POST https://upload-firebasehosting.googleapis.com/upload/sites/covid-19-cases-vaccine-tracker/versions/1e1c2852a65afc5f/files/8af7aa2d2fc55b6c86fe2685442469598898f9ae2b065866140080258ff72267 [none]
[debug] [2021-06-03T10:42:02.120Z] >>> [apiv2][body] POST https://upload-firebasehosting.googleapis.com/upload/sites/covid-19-cases-vaccine-tracker/versions/1e1c2852a65afc5f/files/8af7aa2d2fc55b6c86fe2685442469598898f9ae2b065866140080258ff72267 [stream]
[debug] [2021-06-03T10:42:02.121Z] [uploadQueue] Retrying task a999795a240c8fd345ff176d3b5b57b023159b9903c24b82147571b5699cbb4a
[debug] [2021-06-03T10:42:02.122Z] >>> [apiv2][query] POST https://upload-firebasehosting.googleapis.com/upload/sites/covid-19-cases-vaccine-tracker/versions/1e1c2852a65afc5f/files/a999795a240c8fd345ff176d3b5b57b023159b9903c24b82147571b5699cbb4a [none]
[debug] [2021-06-03T10:42:02.122Z] >>> [apiv2][body] POST https://upload-firebasehosting.googleapis.com/upload/sites/covid-19-cases-vaccine-tracker/versions/1e1c2852a65afc5f/files/a999795a240c8fd345ff176d3b5b57b023159b9903c24b82147571b5699cbb4a [stream]
[debug] [2021-06-03T10:42:02.123Z] [uploadQueue] Retrying task 5914ca0c61695768ba61c87d5a80395d37e98b4d33951cba400e0ec4ec0dceab
[debug] [2021-06-03T10:42:02.126Z] >>> [apiv2][query] POST https://upload-firebasehosting.googleapis.com/upload/sites/covid-19-cases-vaccine-tracker/versions/1e1c2852a65afc5f/files/5914ca0c61695768ba61c87d5a80395d37e98b4d33951cba400e0ec4ec0dceab [none]
[debug] [2021-06-03T10:42:02.126Z] >>> [apiv2][body] POST https://upload-firebasehosting.googleapis.com/upload/sites/covid-19-cases-vaccine-tracker/versions/1e1c2852a65afc5f/files/5914ca0c61695768ba61c87d5a80395d37e98b4d33951cba400e0ec4ec0dceab [stream]
[debug] [2021-06-03T10:42:02.127Z] [uploadQueue] Retrying task 5386bdbd27fa43e33ad93ff1ffb30f48244743b9d60ef8f0ce56379484b5adc2
[debug] [2021-06-03T10:42:02.128Z] >>> [apiv2][query] POST https://upload-firebasehosting.googleapis.com/upload/sites/covid-19-cases-vaccine-tracker/versions/1e1c2852a65afc5f/files/5386bdbd27fa43e33ad93ff1ffb30f48244743b9d60ef8f0ce56379484b5adc2 [none]
[debug] [2021-06-03T10:42:02.128Z] >>> [apiv2][body] POST https://upload-firebasehosting.googleapis.com/upload/sites/covid-19-cases-vaccine-tracker/versions/1e1c2852a65afc5f/files/5386bdbd27fa43e33ad93ff1ffb30f48244743b9d60ef8f0ce56379484b5adc2 [stream]
[debug] [2021-06-03T10:42:02.129Z] [uploadQueue] Retrying task daa499dd96d8229e73235345702ba32f0793f0c8e5c0d30e40e37a5872be57aa
[debug] [2021-06-03T10:42:02.130Z] >>> [apiv2][query] POST https://upload-firebasehosting.googleapis.com/upload/sites/covid-19-cases-vaccine-tracker/versions/1e1c2852a65afc5f/files/daa499dd96d8229e73235345702ba32f0793f0c8e5c0d30e40e37a5872be57aa [none]
[debug] [2021-06-03T10:42:02.130Z] >>> [apiv2][body] POST https://upload-firebasehosting.googleapis.com/upload/sites/covid-19-cases-vaccine-tracker/versions/1e1c2852a65afc5f/files/daa499dd96d8229e73235345702ba32f0793f0c8e5c0d30e40e37a5872be57aa [stream]
[debug] [2021-06-03T10:42:02.131Z] [uploadQueue] Retrying task 905a0c6f129f72c09f8d865b392887d4d78c79ddaebafaf96725d488696c4bf8
[debug] [2021-06-03T10:42:02.132Z] >>> [apiv2][query] POST https://upload-firebasehosting.googleapis.com/upload/sites/covid-19-cases-vaccine-tracker/versions/1e1c2852a65afc5f/files/905a0c6f129f72c09f8d865b392887d4d78c79ddaebafaf96725d488696c4bf8 [none]
[debug] [2021-06-03T10:42:02.132Z] >>> [apiv2][body] POST https://upload-firebasehosting.googleapis.com/upload/sites/covid-19-cases-vaccine-tracker/versions/1e1c2852a65afc5f/files/905a0c6f129f72c09f8d865b392887d4d78c79ddaebafaf96725d488696c4bf8 [stream]
[debug] [2021-06-03T10:42:02.133Z] [uploadQueue] Retrying task 0677118a9cbfeb59874edeab32a5b9db741e8d2d918c472d6b4b08abd27c4e5a
[debug] [2021-06-03T10:42:02.134Z] >>> [apiv2][query] POST https://upload-firebasehosting.googleapis.com/upload/sites/covid-19-cases-vaccine-tracker/versions/1e1c2852a65afc5f/files/0677118a9cbfeb59874edeab32a5b9db741e8d2d918c472d6b4b08abd27c4e5a [none]
[debug] [2021-06-03T10:42:02.134Z] >>> [apiv2][body] POST https://upload-firebasehosting.googleapis.com/upload/sites/covid-19-cases-vaccine-tracker/versions/1e1c2852a65afc5f/files/0677118a9cbfeb59874edeab32a5b9db741e8d2d918c472d6b4b08abd27c4e5a [stream]
